2021-09-18T16:54:25.172-0300 [DEBUG] [org.gradle.launcher.daemon.bootstrap.DaemonMain] Assuming the daemon was started with following jvm opts: [--add-opens, java.base/java.util=ALL-UNNAMED, --add-opens, java.base/java.lang=ALL-UNNAMED, --add-opens, java.base/java.lang.invoke=ALL-UNNAMED, --add-opens, java.prefs/java.util.prefs=ALL-UNNAMED, -Xmx2048m, -Dfile.encoding=UTF-8, -Duser.country=BR, -Duser.language=pt, -Duser.variant]
2021-09-18T16:54:25.435-0300 [DEBUG] [org.gradle.internal.nativeintegration.services.NativeServices] Native-platform posix files integration is not available. Continuing with fallback.
2021-09-18T16:54:25.471-0300 [INFO] [org.gradle.launcher.daemon.server.Daemon] start() called on daemon - DefaultDaemonContext[uid=d82574de-792e-432f-9e26-3153280cc2ef,javaHome=C:\Program Files\Java\jdk-11.0.11,daemonRegistryDir=D:\Pos Dev. Mobile\Desenvolvimento de Aplicacoes para Android Avancado\Projetos\Aula6_RetrofitDemo_ALUNOS\daemon,pid=13264,idleTimeout=10800000,priority=NORMAL,daemonOpts=--add-opens,java.base/java.util=ALL-UNNAMED,--add-opens,java.base/java.lang=ALL-UNNAMED,--add-opens,java.base/java.lang.invoke=ALL-UNNAMED,--add-opens,java.prefs/java.util.prefs=ALL-UNNAMED,-Xmx2048m,-Dfile.encoding=UTF-8,-Duser.country=BR,-Duser.language=pt,-Duser.variant]
2021-09-18T16:54:25.932-0300 [DEBUG] [org.gradle.internal.remote.internal.inet.InetAddresses] Adding IP addresses for network interface Software Loopback Interface 1
2021-09-18T16:54:25.935-0300 [DEBUG] [org.gradle.internal.remote.internal.inet.InetAddresses] Is this a loopback interface? true
2021-09-18T16:54:25.937-0300 [DEBUG] [org.gradle.internal.remote.internal.inet.InetAddresses] Adding loopback address /127.0.0.1
2021-09-18T16:54:25.938-0300 [DEBUG] [org.gradle.internal.remote.internal.inet.InetAddresses] Adding loopback address /0:0:0:0:0:0:0:1
2021-09-18T16:54:25.941-0300 [DEBUG] [org.gradle.internal.remote.internal.inet.InetAddresses] Adding IP addresses for network interface WAN Miniport (PPPOE)
2021-09-18T16:54:25.945-0300 [DEBUG] [org.gradle.internal.remote.internal.inet.InetAddresses] Is this a loopback interface? false
2021-09-18T16:54:25.945-0300 [DEBUG] [org.gradle.internal.remote.internal.inet.InetAddresses] Adding IP addresses for network interface Microsoft 6to4 Adapter
2021-09-18T16:54:25.948-0300 [DEBUG] [org.gradle.internal.remote.internal.inet.InetAddresses] Is this a loopback interface? false
2021-09-18T16:54:25.949-0300 [DEBUG] [org.gradle.internal.remote.internal.inet.InetAddresses] Adding IP addresses for network interface WAN Miniport (SSTP)
2021-09-18T16:54:25.952-0300 [DEBUG] [org.gradle.internal.remote.internal.inet.InetAddresses] Is this a loopback interface? false
2021-09-18T16:54:25.952-0300 [DEBUG] [org.gradle.internal.remote.internal.inet.InetAddresses] Adding IP addresses for network interface WAN Miniport (PPTP)
2021-09-18T16:54:25.955-0300 [DEBUG] [org.gradle.internal.remote.internal.inet.InetAddresses] Is this a loopback interface? false
2021-09-18T16:54:25.956-0300 [DEBUG] [org.gradle.internal.remote.internal.inet.InetAddresses] Adding IP addresses for network interface WAN Miniport (IPv6)
2021-09-18T16:54:25.959-0300 [DEBUG] [org.gradle.internal.remote.internal.inet.InetAddresses] Is this a loopback interface? false
2021-09-18T16:54:25.959-0300 [DEBUG] [org.gradle.internal.remote.internal.inet.InetAddresses] Adding IP addresses for network interface Microsoft IP-HTTPS Platform Adapter
2021-09-18T16:54:25.963-0300 [DEBUG] [org.gradle.internal.remote.internal.inet.InetAddresses] Is this a loopback interface? false
2021-09-18T16:54:25.963-0300 [DEBUG] [org.gradle.internal.remote.internal.inet.InetAddresses] Adding IP addresses for network interface WAN Miniport (Network Monitor)
2021-09-18T16:54:25.966-0300 [DEBUG] [org.gradle.internal.remote.internal.inet.InetAddresses] Is this a loopback interface? false
2021-09-18T16:54:25.966-0300 [DEBUG] [org.gradle.internal.remote.internal.inet.InetAddresses] Adding IP addresses for network interface Qualcomm QCA61x4A 802.11ac Wireless Adapter
2021-09-18T16:54:25.969-0300 [DEBUG] [org.gradle.internal.remote.internal.inet.InetAddresses] Is this a loopback interface? false
2021-09-18T16:54:25.969-0300 [DEBUG] [org.gradle.internal.remote.internal.inet.InetAddresses] Adding remote address /192.168.2.18
2021-09-18T16:54:25.970-0300 [DEBUG] [org.gradle.internal.remote.internal.inet.InetAddresses] Adding remote address /fe80:0:0:0:d879:3887:2075:c081%wlan0
2021-09-18T16:54:25.970-0300 [DEBUG] [org.gradle.internal.remote.internal.inet.InetAddresses] Adding IP addresses for network interface WAN Miniport (IP)
2021-09-18T16:54:25.973-0300 [DEBUG] [org.gradle.internal.remote.internal.inet.InetAddresses] Is this a loopback interface? false
2021-09-18T16:54:25.973-0300 [DEBUG] [org.gradle.internal.remote.internal.inet.InetAddresses] Adding IP addresses for network interface Microsoft Wi-Fi Direct Virtual Adapter #3
2021-09-18T16:54:25.975-0300 [DEBUG] [org.gradle.internal.remote.internal.inet.InetAddresses] Is this a loopback interface? false
2021-09-18T16:54:25.976-0300 [DEBUG] [org.gradle.internal.remote.internal.inet.InetAddresses] Adding remote address /fe80:0:0:0:4576:1930:d9eb:7330%wlan1
2021-09-18T16:54:25.976-0300 [DEBUG] [org.gradle.internal.remote.internal.inet.InetAddresses] Adding IP addresses for network interface Microsoft Kernel Debug Network Adapter
2021-09-18T16:54:25.979-0300 [DEBUG] [org.gradle.internal.remote.internal.inet.InetAddresses] Is this a loopback interface? false
2021-09-18T16:54:25.979-0300 [DEBUG] [org.gradle.internal.remote.internal.inet.InetAddresses] Adding IP addresses for network interface Bluetooth Device (Personal Area Network)
2021-09-18T16:54:25.984-0300 [DEBUG] [org.gradle.internal.remote.internal.inet.InetAddresses] Is this a loopback interface? false
2021-09-18T16:54:25.985-0300 [DEBUG] [org.gradle.internal.remote.internal.inet.InetAddresses] Adding remote address /fe80:0:0:0:6583:460a:e9f7:5889%eth4
2021-09-18T16:54:25.985-0300 [DEBUG] [org.gradle.internal.remote.internal.inet.InetAddresses] Adding IP addresses for network interface Microsoft Teredo Tunneling Adapter
2021-09-18T16:54:25.989-0300 [DEBUG] [org.gradle.internal.remote.internal.inet.InetAddresses] Is this a loopback interface? false
2021-09-18T16:54:25.990-0300 [DEBUG] [org.gradle.internal.remote.internal.inet.InetAddresses] Adding IP addresses for network interface Realtek PCIe GBE Family Controller
2021-09-18T16:54:25.993-0300 [DEBUG] [org.gradle.internal.remote.internal.inet.InetAddresses] Is this a loopback interface? false
2021-09-18T16:54:25.993-0300 [DEBUG] [org.gradle.internal.remote.internal.inet.InetAddresses] Adding remote address /fe80:0:0:0:80c5:39e1:3c05:e8dd%eth5
2021-09-18T16:54:25.993-0300 [DEBUG] [org.gradle.internal.remote.internal.inet.InetAddresses] Adding IP addresses for network interface Microsoft Wi-Fi Direct Virtual Adapter #4
2021-09-18T16:54:25.995-0300 [DEBUG] [org.gradle.internal.remote.internal.inet.InetAddresses] Is this a loopback interface? false
2021-09-18T16:54:25.996-0300 [DEBUG] [org.gradle.internal.remote.internal.inet.InetAddresses] Adding remote address /fe80:0:0:0:494f:71ce:a808:c5d5%wlan2
2021-09-18T16:54:25.996-0300 [DEBUG] [org.gradle.internal.remote.internal.inet.InetAddresses] Adding IP addresses for network interface WAN Miniport (IKEv2)
2021-09-18T16:54:25.999-0300 [DEBUG] [org.gradle.internal.remote.internal.inet.InetAddresses] Is this a loopback interface? false
2021-09-18T16:54:25.999-0300 [DEBUG] [org.gradle.internal.remote.internal.inet.InetAddresses] Adding IP addresses for network interface WAN Miniport (L2TP)
2021-09-18T16:54:26.002-0300 [DEBUG] [org.gradle.internal.remote.internal.inet.InetAddresses] Is this a loopback interface? false
2021-09-18T16:54:26.002-0300 [DEBUG] [org.gradle.internal.remote.internal.inet.InetAddresses] Adding IP addresses for network interface Realtek PCIe GBE Family Controller-WFP Native MAC Layer LightWeight Filter-0000
2021-09-18T16:54:26.006-0300 [DEBUG] [org.gradle.internal.remote.internal.inet.InetAddresses] Is this a loopback interface? false
2021-09-18T16:54:26.006-0300 [DEBUG] [org.gradle.internal.remote.internal.inet.InetAddresses] Adding IP addresses for network interface Realtek PCIe GBE Family Controller-QoS Packet Scheduler-0000
2021-09-18T16:54:26.008-0300 [DEBUG] [org.gradle.internal.remote.internal.inet.InetAddresses] Is this a loopback interface? false
2021-09-18T16:54:26.009-0300 [DEBUG] [org.gradle.internal.remote.internal.inet.InetAddresses] Adding IP addresses for network interface Realtek PCIe GBE Family Controller-WFP 802.3 MAC Layer LightWeight Filter-0000
2021-09-18T16:54:26.012-0300 [DEBUG] [org.gradle.internal.remote.internal.inet.InetAddresses] Is this a loopback interface? false
2021-09-18T16:54:26.012-0300 [DEBUG] [org.gradle.internal.remote.internal.inet.InetAddresses] Adding IP addresses for network interface Qualcomm QCA61x4A 802.11ac Wireless Adapter-WFP Native MAC Layer LightWeight Filter-0000
2021-09-18T16:54:26.015-0300 [DEBUG] [org.gradle.internal.remote.internal.inet.InetAddresses] Is this a loopback interface? false
2021-09-18T16:54:26.016-0300 [DEBUG] [org.gradle.internal.remote.internal.inet.InetAddresses] Adding IP addresses for network interface Qualcomm QCA61x4A 802.11ac Wireless Adapter-Virtual WiFi Filter Driver-0000
2021-09-18T16:54:26.018-0300 [DEBUG] [org.gradle.internal.remote.internal.inet.InetAddresses] Is this a loopback interface? false
2021-09-18T16:54:26.018-0300 [DEBUG] [org.gradle.internal.remote.internal.inet.InetAddresses] Adding IP addresses for network interface Qualcomm QCA61x4A 802.11ac Wireless Adapter-Native WiFi Filter Driver-0000
2021-09-18T16:54:26.021-0300 [DEBUG] [org.gradle.internal.remote.internal.inet.InetAddresses] Is this a loopback interface? false
2021-09-18T16:54:26.022-0300 [DEBUG] [org.gradle.internal.remote.internal.inet.InetAddresses] Adding IP addresses for network interface Qualcomm QCA61x4A 802.11ac Wireless Adapter-QoS Packet Scheduler-0000
2021-09-18T16:54:26.025-0300 [DEBUG] [org.gradle.internal.remote.internal.inet.InetAddresses] Is this a loopback interface? false
2021-09-18T16:54:26.025-0300 [DEBUG] [org.gradle.internal.remote.internal.inet.InetAddresses] Adding IP addresses for network interface Qualcomm QCA61x4A 802.11ac Wireless Adapter-WFP 802.3 MAC Layer LightWeight Filter-0000
2021-09-18T16:54:26.028-0300 [DEBUG] [org.gradle.internal.remote.internal.inet.InetAddresses] Is this a loopback interface? false
2021-09-18T16:54:26.029-0300 [DEBUG] [org.gradle.internal.remote.internal.inet.InetAddresses] Adding IP addresses for network interface Microsoft Wi-Fi Direct Virtual Adapter #3-WFP Native MAC Layer LightWeight Filter-0000
2021-09-18T16:54:26.032-0300 [DEBUG] [org.gradle.internal.remote.internal.inet.InetAddresses] Is this a loopback interface? false
2021-09-18T16:54:26.033-0300 [DEBUG] [org.gradle.internal.remote.internal.inet.InetAddresses] Adding IP addresses for network interface Microsoft Wi-Fi Direct Virtual Adapter #3-Native WiFi Filter Driver-0000
2021-09-18T16:54:26.036-0300 [DEBUG] [org.gradle.internal.remote.internal.inet.InetAddresses] Is this a loopback interface? false
2021-09-18T16:54:26.037-0300 [DEBUG] [org.gradle.internal.remote.internal.inet.InetAddresses] Adding IP addresses for network interface Microsoft Wi-Fi Direct Virtual Adapter #3-QoS Packet Scheduler-0000
2021-09-18T16:54:26.040-0300 [DEBUG] [org.gradle.internal.remote.internal.inet.InetAddresses] Is this a loopback interface? false
2021-09-18T16:54:26.041-0300 [DEBUG] [org.gradle.internal.remote.internal.inet.InetAddresses] Adding IP addresses for network interface Microsoft Wi-Fi Direct Virtual Adapter #3-WFP 802.3 MAC Layer LightWeight Filter-0000
2021-09-18T16:54:26.044-0300 [DEBUG] [org.gradle.internal.remote.internal.inet.InetAddresses] Is this a loopback interface? false
2021-09-18T16:54:26.044-0300 [DEBUG] [org.gradle.internal.remote.internal.inet.InetAddresses] Adding IP addresses for network interface WAN Miniport (IP)-WFP Native MAC Layer LightWeight Filter-0000
2021-09-18T16:54:26.047-0300 [DEBUG] [org.gradle.internal.remote.internal.inet.InetAddresses] Is this a loopback interface? false
2021-09-18T16:54:26.048-0300 [DEBUG] [org.gradle.internal.remote.internal.inet.InetAddresses] Adding IP addresses for network interface WAN Miniport (IP)-QoS Packet Scheduler-0000
2021-09-18T16:54:26.051-0300 [DEBUG] [org.gradle.internal.remote.internal.inet.InetAddresses] Is this a loopback interface? false
2021-09-18T16:54:26.051-0300 [DEBUG] [org.gradle.internal.remote.internal.inet.InetAddresses] Adding IP addresses for network interface WAN Miniport (IPv6)-WFP Native MAC Layer LightWeight Filter-0000
2021-09-18T16:54:26.054-0300 [DEBUG] [org.gradle.internal.remote.internal.inet.InetAddresses] Is this a loopback interface? false
2021-09-18T16:54:26.055-0300 [DEBUG] [org.gradle.internal.remote.internal.inet.InetAddresses] Adding IP addresses for network interface WAN Miniport (IPv6)-QoS Packet Scheduler-0000
2021-09-18T16:54:26.058-0300 [DEBUG] [org.gradle.internal.remote.internal.inet.InetAddresses] Is this a loopback interface? false
2021-09-18T16:54:26.059-0300 [DEBUG] [org.gradle.internal.remote.internal.inet.InetAddresses] Adding IP addresses for network interface WAN Miniport (Network Monitor)-WFP Native MAC Layer LightWeight Filter-0000
2021-09-18T16:54:26.063-0300 [DEBUG] [org.gradle.internal.remote.internal.inet.InetAddresses] Is this a loopback interface? false
2021-09-18T16:54:26.064-0300 [DEBUG] [org.gradle.internal.remote.internal.inet.InetAddresses] Adding IP addresses for network interface WAN Miniport (Network Monitor)-QoS Packet Scheduler-0000
2021-09-18T16:54:26.067-0300 [DEBUG] [org.gradle.internal.remote.internal.inet.InetAddresses] Is this a loopback interface? false
2021-09-18T16:54:26.067-0300 [DEBUG] [org.gradle.internal.remote.internal.inet.InetAddresses] Adding IP addresses for network interface Microsoft Wi-Fi Direct Virtual Adapter #4-WFP Native MAC Layer LightWeight Filter-0000
2021-09-18T16:54:26.070-0300 [DEBUG] [org.gradle.internal.remote.internal.inet.InetAddresses] Is this a loopback interface? false
2021-09-18T16:54:26.070-0300 [DEBUG] [org.gradle.internal.remote.internal.inet.InetAddresses] Adding IP addresses for network interface Microsoft Wi-Fi Direct Virtual Adapter #4-Native WiFi Filter Driver-0000
2021-09-18T16:54:26.073-0300 [DEBUG] [org.gradle.internal.remote.internal.inet.InetAddresses] Is this a loopback interface? false
2021-09-18T16:54:26.073-0300 [DEBUG] [org.gradle.internal.remote.internal.inet.InetAddresses] Adding IP addresses for network interface Microsoft Wi-Fi Direct Virtual Adapter #4-QoS Packet Scheduler-0000
2021-09-18T16:54:26.075-0300 [DEBUG] [org.gradle.internal.remote.internal.inet.InetAddresses] Is this a loopback interface? false
2021-09-18T16:54:26.075-0300 [DEBUG] [org.gradle.internal.remote.internal.inet.InetAddresses] Adding IP addresses for network interface Microsoft Wi-Fi Direct Virtual Adapter #4-WFP 802.3 MAC Layer LightWeight Filter-0000
2021-09-18T16:54:26.078-0300 [DEBUG] [org.gradle.internal.remote.internal.inet.InetAddresses] Is this a loopback interface? false
2021-09-18T16:54:26.081-0300 [DEBUG] [org.gradle.internal.remote.internal.inet.TcpIncomingConnector] Listening on [06ee8b86-7e7b-46a5-a1a0-d77640d9b8f3 port:54445, addresses:[localhost/127.0.0.1]].
2021-09-18T16:54:26.091-0300 [DEBUG] [org.gradle.launcher.daemon.server.Daemon] Daemon starting at: Sat Sep 18 16:54:26 BRT 2021, with address: [06ee8b86-7e7b-46a5-a1a0-d77640d9b8f3 port:54445, addresses:[localhost/127.0.0.1]]
2021-09-18T16:54:26.091-0300 [INFO] [org.gradle.launcher.daemon.server.DaemonRegistryUpdater] Advertising the daemon address to the clients: [06ee8b86-7e7b-46a5-a1a0-d77640d9b8f3 port:54445, addresses:[localhost/127.0.0.1]]
2021-09-18T16:54:26.092-0300 [DEBUG] [org.gradle.launcher.daemon.server.DaemonRegistryUpdater] Advertised daemon context: DefaultDaemonContext[uid=d82574de-792e-432f-9e26-3153280cc2ef,javaHome=C:\Program Files\Java\jdk-11.0.11,daemonRegistryDir=D:\Pos Dev. Mobile\Desenvolvimento de Aplicacoes para Android Avancado\Projetos\Aula6_RetrofitDemo_ALUNOS\daemon,pid=13264,idleTimeout=10800000,priority=NORMAL,daemonOpts=--add-opens,java.base/java.util=ALL-UNNAMED,--add-opens,java.base/java.lang=ALL-UNNAMED,--add-opens,java.base/java.lang.invoke=ALL-UNNAMED,--add-opens,java.prefs/java.util.prefs=ALL-UNNAMED,-Xmx2048m,-Dfile.encoding=UTF-8,-Duser.country=BR,-Duser.language=pt,-Duser.variant]
2021-09-18T16:54:26.093-0300 [DEBUG] [org.gradle.launcher.daemon.registry.PersistentDaemonRegistry] Storing daemon address: [06ee8b86-7e7b-46a5-a1a0-d77640d9b8f3 port:54445, addresses:[localhost/127.0.0.1]], context: DefaultDaemonContext[uid=d82574de-792e-432f-9e26-3153280cc2ef,javaHome=C:\Program Files\Java\jdk-11.0.11,daemonRegistryDir=D:\Pos Dev. Mobile\Desenvolvimento de Aplicacoes para Android Avancado\Projetos\Aula6_RetrofitDemo_ALUNOS\daemon,pid=13264,idleTimeout=10800000,priority=NORMAL,daemonOpts=--add-opens,java.base/java.util=ALL-UNNAMED,--add-opens,java.base/java.lang=ALL-UNNAMED,--add-opens,java.base/java.lang.invoke=ALL-UNNAMED,--add-opens,java.prefs/java.util.prefs=ALL-UNNAMED,-Xmx2048m,-Dfile.encoding=UTF-8,-Duser.country=BR,-Duser.language=pt,-Duser.variant]
2021-09-18T16:54:26.115-0300 [DEBUG] [org.gradle.cache.internal.DefaultFileLockManager] Waiting to acquire exclusive lock on daemon addresses registry.
2021-09-18T16:54:26.119-0300 [DEBUG] [org.gradle.cache.internal.DefaultFileLockManager] Lock acquired on daemon addresses registry.
2021-09-18T16:54:26.126-0300 [DEBUG] [org.gradle.cache.internal.DefaultFileLockManager] Releasing lock on daemon addresses registry.
2021-09-18T16:54:26.127-0300 [LIFECYCLE] [org.gradle.launcher.daemon.server.Daemon] Daemon server started.
2021-09-18T16:54:26.129-0300 [DEBUG] [org.gradle.launcher.daemon.bootstrap.DaemonStartupCommunication] Completed writing the daemon greeting. Closing streams...
2021-09-18T16:54:26.139-0300 [DEBUG] [org.gradle.launcher.daemon.server.Daemon] stopOnExpiration() called on daemon
2021-09-18T16:54:26.143-0300 [DEBUG] [org.gradle.internal.remote.internal.inet.TcpIncomingConnector] Accepted connection from /127.0.0.1:54446 to /127.0.0.1:54445.
2021-09-18T16:54:26.144-0300 [DEBUG] [org.gradle.launcher.daemon.server.Daemon] awaitExpiration() called on daemon
2021-09-18T16:54:26.148-0300 [DEBUG] [org.gradle.launcher.daemon.server.DaemonStateCoordinator] daemon is running. Sleeping until state changes.
2021-09-18T16:54:26.349-0300 [DEBUG] [org.gradle.launcher.daemon.server.SynchronizedDispatchConnection] thread 19: received class org.gradle.launcher.daemon.protocol.Build
2021-09-18T16:54:26.349-0300 [DEBUG] [org.gradle.launcher.daemon.server.DefaultDaemonConnection] thread 19: Received non-IO message from client: Build{id=ee664c41-8ba0-4e79-a5a2-be470142c0b0, currentDir=D:\Pos Dev. Mobile\Desenvolvimento de Aplicacoes para Android Avancado\Projetos\Aula6_RetrofitDemo_ALUNOS}
2021-09-18T16:54:26.350-0300 [INFO] [org.gradle.launcher.daemon.server.DefaultIncomingConnectionHandler] Received command: Build{id=ee664c41-8ba0-4e79-a5a2-be470142c0b0, currentDir=D:\Pos Dev. Mobile\Desenvolvimento de Aplicacoes para Android Avancado\Projetos\Aula6_RetrofitDemo_ALUNOS}.
2021-09-18T16:54:26.350-0300 [DEBUG] [org.gradle.launcher.daemon.server.DefaultIncomingConnectionHandler] Starting executing command: Build{id=ee664c41-8ba0-4e79-a5a2-be470142c0b0, currentDir=D:\Pos Dev. Mobile\Desenvolvimento de Aplicacoes para Android Avancado\Projetos\Aula6_RetrofitDemo_ALUNOS} with connection: socket connection from /127.0.0.1:54445 to /127.0.0.1:54446.
2021-09-18T16:54:26.355-0300 [ERROR] [org.gradle.launcher.daemon.server.DaemonStateCoordinator] Command execution: started DaemonCommandExecution[command = Build{id=ee664c41-8ba0-4e79-a5a2-be470142c0b0, currentDir=D:\Pos Dev. Mobile\Desenvolvimento de Aplicacoes para Android Avancado\Projetos\Aula6_RetrofitDemo_ALUNOS}, connection = DefaultDaemonConnection: socket connection from /127.0.0.1:54445 to /127.0.0.1:54446] after 0.0 minutes of idle
2021-09-18T16:54:26.356-0300 [INFO] [org.gradle.launcher.daemon.server.DaemonRegistryUpdater] Marking the daemon as busy, address: [06ee8b86-7e7b-46a5-a1a0-d77640d9b8f3 port:54445, addresses:[localhost/127.0.0.1]]
2021-09-18T16:54:26.356-0300 [DEBUG] [org.gradle.launcher.daemon.registry.PersistentDaemonRegistry] Marking busy by address: [06ee8b86-7e7b-46a5-a1a0-d77640d9b8f3 port:54445, addresses:[localhost/127.0.0.1]]
2021-09-18T16:54:26.367-0300 [DEBUG] [org.gradle.cache.internal.DefaultFileLockManager] Waiting to acquire exclusive lock on daemon addresses registry.
2021-09-18T16:54:26.368-0300 [DEBUG] [org.gradle.cache.internal.DefaultFileLockManager] Lock acquired on daemon addresses registry.
2021-09-18T16:54:26.385-0300 [DEBUG] [org.gradle.cache.internal.DefaultFileLockManager] Releasing lock on daemon addresses registry.
2021-09-18T16:54:26.386-0300 [DEBUG] [org.gradle.launcher.daemon.server.DaemonStateCoordinator] resetting idle timer
2021-09-18T16:54:26.386-0300 [DEBUG] [org.gradle.launcher.daemon.server.DaemonStateCoordinator] daemon is running. Sleeping until state changes.
2021-09-18T16:54:26.388-0300 [INFO] [org.gradle.launcher.daemon.server.exec.StartBuildOrRespondWithBusy] Daemon is about to start building Build{id=ee664c41-8ba0-4e79-a5a2-be470142c0b0, currentDir=D:\Pos Dev. Mobile\Desenvolvimento de Aplicacoes para Android Avancado\Projetos\Aula6_RetrofitDemo_ALUNOS}. Dispatching build started information...
2021-09-18T16:54:26.389-0300 [DEBUG] [org.gradle.launcher.daemon.server.SynchronizedDispatchConnection] thread 21: dispatching org.gradle.launcher.daemon.protocol.BuildStarted@2cb27931
2021-09-18T16:54:26.393-0300 [DEBUG] [org.gradle.launcher.daemon.server.exec.EstablishBuildEnvironment] Configuring env variables: [USERDOMAIN_ROAMINGPROFILE, LOCALAPPDATA, PROCESSOR_LEVEL, USERDOMAIN, FPS_BROWSER_APP_PROFILE_STRING, LOGONSERVER, JAVA_HOME, SESSIONNAME, ALLUSERSPROFILE, PROCESSOR_ARCHITECTURE, PSModulePath, SystemDrive, OneDrive, APPDATA, USERNAME, ProgramFiles(x86), CommonProgramFiles, Path, FPS_BROWSER_USER_PROFILE_STRING, PATHEXT, DriverData, OS, OneDriveConsumer, COMPUTERNAME, PROCESSOR_REVISION, CommonProgramW6432, ComSpec, ProgramData, ProgramW6432, HOMEPATH, SystemRoot, TEMP, PROCESSOR_IDENTIFIER, USERPROFILE, HOMEDRIVE, TMP, ProgramFiles, PUBLIC, CommonProgramFiles(x86), NUMBER_OF_PROCESSORS, windir, =::, IDEA_INITIAL_DIRECTORY]
2021-09-18T16:54:26.398-0300 [DEBUG] [org.gradle.launcher.daemon.server.SynchronizedDispatchConnection] thread 19: received class org.gradle.launcher.daemon.protocol.CloseInput
2021-09-18T16:54:26.398-0300 [DEBUG] [org.gradle.launcher.daemon.server.DefaultDaemonConnection] thread 19: Received IO message from client: org.gradle.launcher.daemon.protocol.CloseInput@3ce5f72c
2021-09-18T16:54:26.408-0300 [DEBUG] [org.gradle.launcher.daemon.server.exec.LogToClient] About to start relaying all logs to the client via the connection.
2021-09-18T16:54:26.409-0300 [INFO] [org.gradle.launcher.daemon.server.exec.LogToClient] The client will now receive all logging from the daemon (pid: 13264). The daemon log file: D:\Pos Dev. Mobile\Desenvolvimento de Aplicacoes para Android Avancado\Projetos\Aula6_RetrofitDemo_ALUNOS\daemon\6.7.1\daemon-13264.out.log
2021-09-18T16:54:26.413-0300 [INFO] [org.gradle.launcher.daemon.server.exec.LogAndCheckHealth] Starting build in new daemon [memory: 2,1 GB]
2021-09-18T16:54:26.418-0300 [INFO] [org.gradle.launcher.daemon.server.exec.ForwardClientInput] Closing daemon's stdin at end of input.
2021-09-18T16:54:26.419-0300 [INFO] [org.gradle.launcher.daemon.server.exec.ForwardClientInput] The daemon will no longer process any standard input.
2021-09-18T16:54:26.424-0300 [DEBUG] [org.gradle.launcher.daemon.server.exec.ExecuteBuild] The daemon has started executing the build.
2021-09-18T16:54:26.425-0300 [DEBUG] [org.gradle.launcher.daemon.server.exec.ExecuteBuild] Executing build with daemon context: DefaultDaemonContext[uid=d82574de-792e-432f-9e26-3153280cc2ef,javaHome=C:\Program Files\Java\jdk-11.0.11,daemonRegistryDir=D:\Pos Dev. Mobile\Desenvolvimento de Aplicacoes para Android Avancado\Projetos\Aula6_RetrofitDemo_ALUNOS\daemon,pid=13264,idleTimeout=10800000,priority=NORMAL,daemonOpts=--add-opens,java.base/java.util=ALL-UNNAMED,--add-opens,java.base/java.lang=ALL-UNNAMED,--add-opens,java.base/java.lang.invoke=ALL-UNNAMED,--add-opens,java.prefs/java.util.prefs=ALL-UNNAMED,-Xmx2048m,-Dfile.encoding=UTF-8,-Duser.country=BR,-Duser.language=pt,-Duser.variant]
Warning: The 'kotlin-android-extensions' Gradle plugin is deprecated. Please use this migration guide (https://goo.gle/kotlin-android-extensions-deprecation) to start working with View Binding (https://developer.android.com/topic/libraries/view-binding) and the 'kotlin-parcelize' plugin.

BUILD SUCCESSFUL in 3m 50s
2021-09-18T16:58:08.383-0300 [DEBUG] [org.gradle.launcher.daemon.server.exec.ExecuteBuild] The daemon has finished executing the build.
2021-09-18T16:58:08.400-0300 [DEBUG] [org.gradle.launcher.daemon.server.DaemonStateCoordinator] daemon is running. Sleeping until state changes.
2021-09-18T16:58:08.400-0300 [DEBUG] [org.gradle.launcher.daemon.server.DaemonStateCoordinator] Command execution: finished waiting for DaemonCommandExecution[command = Build{id=ee664c41-8ba0-4e79-a5a2-be470142c0b0, currentDir=D:\Pos Dev. Mobile\Desenvolvimento de Aplicacoes para Android Avancado\Projetos\Aula6_RetrofitDemo_ALUNOS}, connection = DefaultDaemonConnection: socket connection from /127.0.0.1:54445 to /127.0.0.1:54446]. Result org.gradle.launcher.daemon.server.DaemonStateCoordinator@288622a with state Busy
2021-09-18T16:58:08.401-0300 [DEBUG] [org.gradle.launcher.daemon.server.DaemonStateCoordinator] Command execution: completed DaemonCommandExecution[command = Build{id=ee664c41-8ba0-4e79-a5a2-be470142c0b0, currentDir=D:\Pos Dev. Mobile\Desenvolvimento de Aplicacoes para Android Avancado\Projetos\Aula6_RetrofitDemo_ALUNOS}, connection = DefaultDaemonConnection: socket connection from /127.0.0.1:54445 to /127.0.0.1:54446]
2021-09-18T16:58:08.401-0300 [DEBUG] [org.gradle.launcher.daemon.server.DaemonStateCoordinator] resetting idle timer
2021-09-18T16:58:08.402-0300 [INFO] [org.gradle.launcher.daemon.server.DaemonRegistryUpdater] Marking the daemon as idle, address: [06ee8b86-7e7b-46a5-a1a0-d77640d9b8f3 port:54445, addresses:[localhost/127.0.0.1]]
2021-09-18T16:58:08.402-0300 [DEBUG] [org.gradle.launcher.daemon.registry.PersistentDaemonRegistry] Marking busy by address: [06ee8b86-7e7b-46a5-a1a0-d77640d9b8f3 port:54445, addresses:[localhost/127.0.0.1]]
2021-09-18T16:58:08.402-0300 [DEBUG] [org.gradle.cache.internal.DefaultFileLockManager] Waiting to acquire exclusive lock on daemon addresses registry.
2021-09-18T16:58:08.403-0300 [DEBUG] [org.gradle.cache.internal.DefaultFileLockManager] Lock acquired on daemon addresses registry.
2021-09-18T16:58:08.405-0300 [DEBUG] [org.gradle.cache.internal.DefaultFileLockManager] Releasing lock on daemon addresses registry.
2021-09-18T16:58:08.405-0300 [DEBUG] [org.gradle.launcher.daemon.server.DaemonStateCoordinator] daemon is running. Sleeping until state changes.
2021-09-18T16:58:08.406-0300 [DEBUG] [org.gradle.launcher.daemon.server.exec.ReturnResult] Daemon is dispatching the build result: Success[value=org.gradle.launcher.exec.BuildActionResult@1b085926]
2021-09-18T16:58:08.406-0300 [DEBUG] [org.gradle.launcher.daemon.server.SynchronizedDispatchConnection] thread 18: dispatching Success[value=org.gradle.launcher.exec.BuildActionResult@1b085926]
2021-09-18T16:58:08.407-0300 [DEBUG] [org.gradle.launcher.daemon.server.DefaultIncomingConnectionHandler] Finishing executing command: Build{id=ee664c41-8ba0-4e79-a5a2-be470142c0b0, currentDir=D:\Pos Dev. Mobile\Desenvolvimento de Aplicacoes para Android Avancado\Projetos\Aula6_RetrofitDemo_ALUNOS}
2021-09-18T16:58:08.408-0300 [DEBUG] [org.gradle.launcher.daemon.server.SynchronizedDispatchConnection] thread 19: received class org.gradle.launcher.daemon.protocol.Finished
2021-09-18T16:58:08.408-0300 [DEBUG] [org.gradle.launcher.daemon.server.DefaultDaemonConnection] thread 19: Received non-IO message from client: org.gradle.launcher.daemon.protocol.Finished@6a28db3a
2021-09-18T16:58:08.409-0300 [DEBUG] [org.gradle.launcher.daemon.server.DefaultIncomingConnectionHandler] Received finished message: org.gradle.launcher.daemon.protocol.Finished@6a28db3a
2021-09-18T16:58:08.409-0300 [DEBUG] [org.gradle.launcher.daemon.server.SynchronizedDispatchConnection] thread 18: stopping connection
2021-09-18T16:58:08.409-0300 [DEBUG] [org.gradle.internal.remote.internal.inet.SocketConnection] Discarding EOFException: java.io.EOFException
2021-09-18T16:58:08.411-0300 [DEBUG] [org.gradle.launcher.daemon.server.SynchronizedDispatchConnection] thread 19: received null
2021-09-18T16:58:08.411-0300 [DEBUG] [org.gradle.launcher.daemon.server.DefaultDaemonConnection] thread 19: Received end-of-input from client.
2021-09-18T16:58:08.413-0300 [DEBUG] [org.gradle.launcher.daemon.server.SynchronizedDispatchConnection] thread 18: stopping connection
2021-09-18T16:58:10.150-0300 [DEBUG] [org.gradle.internal.remote.internal.inet.TcpIncomingConnector] Accepted connection from /127.0.0.1:58836 to /127.0.0.1:54445.
2021-09-18T16:58:10.166-0300 [DEBUG] [org.gradle.launcher.daemon.server.SynchronizedDispatchConnection] thread 168: received class org.gradle.launcher.daemon.protocol.StopWhenIdle
2021-09-18T16:58:10.166-0300 [DEBUG] [org.gradle.launcher.daemon.server.DefaultDaemonConnection] thread 168: Received non-IO message from client: StopWhenIdle[id=c22005db-76a7-496e-93d3-3729f7e15804]
2021-09-18T16:58:10.166-0300 [INFO] [org.gradle.launcher.daemon.server.DefaultIncomingConnectionHandler] Received command: StopWhenIdle[id=c22005db-76a7-496e-93d3-3729f7e15804].
2021-09-18T16:58:10.166-0300 [DEBUG] [org.gradle.launcher.daemon.server.DefaultIncomingConnectionHandler] Starting executing command: StopWhenIdle[id=c22005db-76a7-496e-93d3-3729f7e15804] with connection: socket connection from /127.0.0.1:54445 to /127.0.0.1:58836.
2021-09-18T16:58:10.167-0300 [DEBUG] [org.gradle.launcher.daemon.server.DaemonRegistryUpdater] Storing daemon stop event: stop command received
2021-09-18T16:58:10.169-0300 [DEBUG] [org.gradle.launcher.daemon.registry.PersistentDaemonRegistry] Storing daemon stop event with timestamp 1631995090163
2021-09-18T16:58:10.178-0300 [DEBUG] [org.gradle.cache.internal.DefaultFileLockManager] Waiting to acquire exclusive lock on daemon addresses registry.
2021-09-18T16:58:10.181-0300 [DEBUG] [org.gradle.cache.internal.DefaultFileLockManager] Lock acquired on daemon addresses registry.
2021-09-18T16:58:10.183-0300 [DEBUG] [org.gradle.cache.internal.DefaultFileLockManager] Releasing lock on daemon addresses registry.
2021-09-18T16:58:10.183-0300 [LIFECYCLE] [org.gradle.launcher.daemon.server.DaemonStateCoordinator] Daemon will be stopped at the end of the build stop command received
2021-09-18T16:58:10.184-0300 [DEBUG] [org.gradle.launcher.daemon.server.DaemonStateCoordinator] Marking daemon stopped due to stop command received. The daemon is running a build: false
2021-09-18T16:58:10.184-0300 [DEBUG] [org.gradle.launcher.daemon.server.DaemonStateCoordinator] daemon has stopped.
2021-09-18T16:58:10.184-0300 [DEBUG] [org.gradle.launcher.daemon.server.Daemon] stop() called on daemon
2021-09-18T16:58:10.184-0300 [INFO] [org.gradle.launcher.daemon.server.Daemon] Stop requested. Daemon is removing its presence from the registry...
2021-09-18T16:58:10.184-0300 [DEBUG] [org.gradle.launcher.daemon.server.SynchronizedDispatchConnection] thread 18: dispatching Success[value=null]
2021-09-18T16:58:10.185-0300 [DEBUG] [org.gradle.launcher.daemon.server.DefaultIncomingConnectionHandler] Finishing executing command: StopWhenIdle[id=c22005db-76a7-496e-93d3-3729f7e15804]
2021-09-18T16:58:10.185-0300 [DEBUG] [org.gradle.launcher.daemon.server.DaemonRegistryUpdater] Removing our presence to clients, eg. removing this address from the registry: [06ee8b86-7e7b-46a5-a1a0-d77640d9b8f3 port:54445, addresses:[localhost/127.0.0.1]]
2021-09-18T16:58:10.185-0300 [DEBUG] [org.gradle.launcher.daemon.server.SynchronizedDispatchConnection] thread 168: received class org.gradle.launcher.daemon.protocol.Finished
2021-09-18T16:58:10.185-0300 [DEBUG] [org.gradle.launcher.daemon.server.DefaultDaemonConnection] thread 168: Received non-IO message from client: org.gradle.launcher.daemon.protocol.Finished@4aeaaed9
2021-09-18T16:58:10.186-0300 [DEBUG] [org.gradle.internal.remote.internal.inet.SocketConnection] Discarding EOFException: java.io.EOFException
2021-09-18T16:58:10.186-0300 [DEBUG] [org.gradle.launcher.daemon.server.SynchronizedDispatchConnection] thread 168: received null
2021-09-18T16:58:10.186-0300 [DEBUG] [org.gradle.launcher.daemon.server.DefaultDaemonConnection] thread 168: Received end-of-input from client.
2021-09-18T16:58:10.186-0300 [DEBUG] [org.gradle.launcher.daemon.registry.PersistentDaemonRegistry] Removing daemon address: [06ee8b86-7e7b-46a5-a1a0-d77640d9b8f3 port:54445, addresses:[localhost/127.0.0.1]]
2021-09-18T16:58:10.189-0300 [DEBUG] [org.gradle.launcher.daemon.server.DefaultIncomingConnectionHandler] Received finished message: null
2021-09-18T16:58:10.189-0300 [DEBUG] [org.gradle.launcher.daemon.server.SynchronizedDispatchConnection] thread 18: stopping connection
2021-09-18T16:58:10.192-0300 [DEBUG] [org.gradle.launcher.daemon.server.SynchronizedDispatchConnection] thread 18: stopping connection
2021-09-18T16:58:10.200-0300 [DEBUG] [org.gradle.cache.internal.DefaultFileLockManager] Waiting to acquire exclusive lock on daemon addresses registry.
2021-09-18T16:58:10.200-0300 [DEBUG] [org.gradle.cache.internal.DefaultFileLockManager] Lock acquired on daemon addresses registry.
2021-09-18T16:58:10.202-0300 [DEBUG] [org.gradle.cache.internal.DefaultFileLockManager] Releasing lock on daemon addresses registry.
2021-09-18T16:58:10.203-0300 [DEBUG] [org.gradle.launcher.daemon.server.DaemonRegistryUpdater] Address removed from registry.
2021-09-18T16:58:10.234-0300 [DEBUG] [org.gradle.cache.internal.LockOnDemandCrossProcessCacheAccess] Releasing file lock for jars (D:\Pos Dev. Mobile\Desenvolvimento de Aplicacoes para Android Avancado\Projetos\Aula6_RetrofitDemo_ALUNOS\caches\jars-8)
2021-09-18T16:58:10.234-0300 [DEBUG] [org.gradle.cache.internal.DefaultFileLockManager] Releasing lock on jars (D:\Pos Dev. Mobile\Desenvolvimento de Aplicacoes para Android Avancado\Projetos\Aula6_RetrofitDemo_ALUNOS\caches\jars-8).
2021-09-18T16:58:10.238-0300 [DEBUG] [org.gradle.cache.internal.LockOnDemandCrossProcessCacheAccess] Releasing file lock for file content cache (D:\Pos Dev. Mobile\Desenvolvimento de Aplicacoes para Android Avancado\Projetos\Aula6_RetrofitDemo_ALUNOS\caches\6.7.1\fileContent)
2021-09-18T16:58:10.238-0300 [DEBUG] [org.gradle.cache.internal.DefaultFileLockManager] Releasing lock on file content cache (D:\Pos Dev. Mobile\Desenvolvimento de Aplicacoes para Android Avancado\Projetos\Aula6_RetrofitDemo_ALUNOS\caches\6.7.1\fileContent).
2021-09-18T16:58:10.240-0300 [DEBUG] [org.gradle.cache.internal.LockOnDemandCrossProcessCacheAccess] Releasing file lock for Artifact transforms cache (D:\Pos Dev. Mobile\Desenvolvimento de Aplicacoes para Android Avancado\Projetos\Aula6_RetrofitDemo_ALUNOS\caches\transforms-2)
2021-09-18T16:58:10.240-0300 [DEBUG] [org.gradle.cache.internal.DefaultFileLockManager] Releasing lock on Artifact transforms cache (D:\Pos Dev. Mobile\Desenvolvimento de Aplicacoes para Android Avancado\Projetos\Aula6_RetrofitDemo_ALUNOS\caches\transforms-2).
2021-09-18T16:58:10.241-0300 [DEBUG] [org.gradle.cache.internal.LockOnDemandCrossProcessCacheAccess] Releasing file lock for artifact cache (D:\Pos Dev. Mobile\Desenvolvimento de Aplicacoes para Android Avancado\Projetos\Aula6_RetrofitDemo_ALUNOS\caches\modules-2)
2021-09-18T16:58:10.242-0300 [DEBUG] [org.gradle.cache.internal.btree.BTreePersistentIndexedCache] Closing cache module-artifacts.bin (D:\Pos Dev. Mobile\Desenvolvimento de Aplicacoes para Android Avancado\Projetos\Aula6_RetrofitDemo_ALUNOS\caches\modules-2\metadata-2.96\module-artifacts.bin)
2021-09-18T16:58:10.242-0300 [DEBUG] [org.gradle.cache.internal.btree.BTreePersistentIndexedCache] Closing cache module-metadata.bin (D:\Pos Dev. Mobile\Desenvolvimento de Aplicacoes para Android Avancado\Projetos\Aula6_RetrofitDemo_ALUNOS\caches\modules-2\metadata-2.96\module-metadata.bin)
2021-09-18T16:58:10.242-0300 [DEBUG] [org.gradle.cache.internal.btree.BTreePersistentIndexedCache] Closing cache module-artifact.bin (D:\Pos Dev. Mobile\Desenvolvimento de Aplicacoes para Android Avancado\Projetos\Aula6_RetrofitDemo_ALUNOS\caches\modules-2\metadata-2.96\module-artifact.bin)
2021-09-18T16:58:10.243-0300 [DEBUG] [org.gradle.cache.internal.btree.BTreePersistentIndexedCache] Closing cache resource-at-url.bin (D:\Pos Dev. Mobile\Desenvolvimento de Aplicacoes para Android Avancado\Projetos\Aula6_RetrofitDemo_ALUNOS\caches\modules-2\metadata-2.96\resource-at-url.bin)
2021-09-18T16:58:10.243-0300 [DEBUG] [org.gradle.cache.internal.btree.BTreePersistentIndexedCache] Closing cache module-versions.bin (D:\Pos Dev. Mobile\Desenvolvimento de Aplicacoes para Android Avancado\Projetos\Aula6_RetrofitDemo_ALUNOS\caches\modules-2\metadata-2.96\module-versions.bin)
2021-09-18T16:58:10.243-0300 [DEBUG] [org.gradle.cache.internal.DefaultFileLockManager] Releasing lock on artifact cache (D:\Pos Dev. Mobile\Desenvolvimento de Aplicacoes para Android Avancado\Projetos\Aula6_RetrofitDemo_ALUNOS\caches\modules-2).
2021-09-18T16:58:10.245-0300 [DEBUG] [org.gradle.cache.internal.DefaultCacheAccess] Cache Generated Gradle JARs cache (D:\Pos Dev. Mobile\Desenvolvimento de Aplicacoes para Android Avancado\Projetos\Aula6_RetrofitDemo_ALUNOS\caches\6.7.1\generated-gradle-jars) was closed 0 times.
2021-09-18T16:58:10.245-0300 [DEBUG] [org.gradle.cache.internal.LockOnDemandCrossProcessCacheAccess] Releasing file lock for journal cache (D:\Pos Dev. Mobile\Desenvolvimento de Aplicacoes para Android Avancado\Projetos\Aula6_RetrofitDemo_ALUNOS\caches\journal-1)
2021-09-18T16:58:10.246-0300 [DEBUG] [org.gradle.cache.internal.btree.BTreePersistentIndexedCache] Closing cache file-access.bin (D:\Pos Dev. Mobile\Desenvolvimento de Aplicacoes para Android Avancado\Projetos\Aula6_RetrofitDemo_ALUNOS\caches\journal-1\file-access.bin)
2021-09-18T16:58:10.246-0300 [DEBUG] [org.gradle.cache.internal.DefaultFileLockManager] Releasing lock on journal cache (D:\Pos Dev. Mobile\Desenvolvimento de Aplicacoes para Android Avancado\Projetos\Aula6_RetrofitDemo_ALUNOS\caches\journal-1).
2021-09-18T16:58:10.247-0300 [DEBUG] [org.gradle.cache.internal.LockOnDemandCrossProcessCacheAccess] Releasing file lock for file hash cache (D:\Pos Dev. Mobile\Desenvolvimento de Aplicacoes para Android Avancado\Projetos\Aula6_RetrofitDemo_ALUNOS\caches\6.7.1\fileHashes)
2021-09-18T16:58:10.247-0300 [DEBUG] [org.gradle.cache.internal.btree.BTreePersistentIndexedCache] Closing cache fileHashes.bin (D:\Pos Dev. Mobile\Desenvolvimento de Aplicacoes para Android Avancado\Projetos\Aula6_RetrofitDemo_ALUNOS\caches\6.7.1\fileHashes\fileHashes.bin)
2021-09-18T16:58:10.248-0300 [DEBUG] [org.gradle.cache.internal.btree.BTreePersistentIndexedCache] Closing cache resourceHashesCache.bin (D:\Pos Dev. Mobile\Desenvolvimento de Aplicacoes para Android Avancado\Projetos\Aula6_RetrofitDemo_ALUNOS\caches\6.7.1\fileHashes\resourceHashesCache.bin)
2021-09-18T16:58:10.248-0300 [DEBUG] [org.gradle.cache.internal.DefaultFileLockManager] Releasing lock on file hash cache (D:\Pos Dev. Mobile\Desenvolvimento de Aplicacoes para Android Avancado\Projetos\Aula6_RetrofitDemo_ALUNOS\caches\6.7.1\fileHashes).
2021-09-18T16:58:10.251-0300 [DEBUG] [org.gradle.cache.internal.LockOnDemandCrossProcessCacheAccess] Releasing file lock for execution history cache (D:\Pos Dev. Mobile\Desenvolvimento de Aplicacoes para Android Avancado\Projetos\Aula6_RetrofitDemo_ALUNOS\caches\6.7.1\executionHistory)
2021-09-18T16:58:10.252-0300 [DEBUG] [org.gradle.cache.internal.btree.BTreePersistentIndexedCache] Closing cache executionHistory.bin (D:\Pos Dev. Mobile\Desenvolvimento de Aplicacoes para Android Avancado\Projetos\Aula6_RetrofitDemo_ALUNOS\caches\6.7.1\executionHistory\executionHistory.bin)
2021-09-18T16:58:10.252-0300 [DEBUG] [org.gradle.cache.internal.DefaultFileLockManager] Releasing lock on execution history cache (D:\Pos Dev. Mobile\Desenvolvimento de Aplicacoes para Android Avancado\Projetos\Aula6_RetrofitDemo_ALUNOS\caches\6.7.1\executionHistory).
2021-09-18T16:58:10.255-0300 [DEBUG] [org.gradle.cache.internal.VersionSpecificCacheCleanupAction] Processed version-specific caches at D:\Pos Dev. Mobile\Desenvolvimento de Aplicacoes para Android Avancado\Projetos\Aula6_RetrofitDemo_ALUNOS\caches for cleanup in 0.0 secs
Daemon vm is shutting down... The daemon has exited normally or was terminated in response to a user interrupt.
2021-09-18T16:58:10.334-0300 [DEBUG] [org.gradle.launcher.daemon.registry.PersistentDaemonRegistry] Removing daemon address: [06ee8b86-7e7b-46a5-a1a0-d77640d9b8f3 port:54445, addresses:[localhost/127.0.0.1]]
2021-09-18T16:58:10.418-0300 [DEBUG] [org.gradle.cache.internal.DefaultFileLockManager] Waiting to acquire exclusive lock on daemon addresses registry.
2021-09-18T16:58:10.419-0300 [DEBUG] [org.gradle.cache.internal.DefaultFileLockManager] Lock acquired on daemon addresses registry.
2021-09-18T16:58:10.421-0300 [DEBUG] [org.gradle.cache.internal.DefaultFileLockManager] Releasing lock on daemon addresses registry.
