2021-09-18T16:59:49.981-0300 [DEBUG] [org.gradle.launcher.daemon.bootstrap.DaemonMain] Assuming the daemon was started with following jvm opts: [--add-opens, java.base/java.util=ALL-UNNAMED, --add-opens, java.base/java.lang=ALL-UNNAMED, --add-opens, java.base/java.lang.invoke=ALL-UNNAMED, --add-opens, java.prefs/java.util.prefs=ALL-UNNAMED, -Xmx2048m, -Dfile.encoding=UTF-8, -Duser.country=BR, -Duser.language=pt, -Duser.variant]
2021-09-18T16:59:50.398-0300 [DEBUG] [org.gradle.internal.nativeintegration.services.NativeServices] Native-platform posix files integration is not available. Continuing with fallback.
2021-09-18T16:59:50.431-0300 [INFO] [org.gradle.launcher.daemon.server.Daemon] start() called on daemon - DefaultDaemonContext[uid=bfbabbc2-3d4f-42af-8000-274dae3e2741,javaHome=C:\Program Files\Java\jdk-11.0.11,daemonRegistryDir=D:\Pos Dev. Mobile\Desenvolvimento de Aplicacoes para Android Avancado\Projetos\Aula6_RetrofitDemo_ALUNOS\daemon,pid=6204,idleTimeout=10800000,priority=NORMAL,daemonOpts=--add-opens,java.base/java.util=ALL-UNNAMED,--add-opens,java.base/java.lang=ALL-UNNAMED,--add-opens,java.base/java.lang.invoke=ALL-UNNAMED,--add-opens,java.prefs/java.util.prefs=ALL-UNNAMED,-Xmx2048m,-Dfile.encoding=UTF-8,-Duser.country=BR,-Duser.language=pt,-Duser.variant]
2021-09-18T16:59:50.877-0300 [DEBUG] [org.gradle.internal.remote.internal.inet.InetAddresses] Adding IP addresses for network interface Software Loopback Interface 1
2021-09-18T16:59:50.879-0300 [DEBUG] [org.gradle.internal.remote.internal.inet.InetAddresses] Is this a loopback interface? true
2021-09-18T16:59:50.882-0300 [DEBUG] [org.gradle.internal.remote.internal.inet.InetAddresses] Adding loopback address /127.0.0.1
2021-09-18T16:59:50.883-0300 [DEBUG] [org.gradle.internal.remote.internal.inet.InetAddresses] Adding loopback address /0:0:0:0:0:0:0:1
2021-09-18T16:59:50.887-0300 [DEBUG] [org.gradle.internal.remote.internal.inet.InetAddresses] Adding IP addresses for network interface WAN Miniport (PPPOE)
2021-09-18T16:59:50.889-0300 [DEBUG] [org.gradle.internal.remote.internal.inet.InetAddresses] Is this a loopback interface? false
2021-09-18T16:59:50.890-0300 [DEBUG] [org.gradle.internal.remote.internal.inet.InetAddresses] Adding IP addresses for network interface Microsoft 6to4 Adapter
2021-09-18T16:59:50.892-0300 [DEBUG] [org.gradle.internal.remote.internal.inet.InetAddresses] Is this a loopback interface? false
2021-09-18T16:59:50.893-0300 [DEBUG] [org.gradle.internal.remote.internal.inet.InetAddresses] Adding IP addresses for network interface WAN Miniport (SSTP)
2021-09-18T16:59:50.896-0300 [DEBUG] [org.gradle.internal.remote.internal.inet.InetAddresses] Is this a loopback interface? false
2021-09-18T16:59:50.896-0300 [DEBUG] [org.gradle.internal.remote.internal.inet.InetAddresses] Adding IP addresses for network interface WAN Miniport (PPTP)
2021-09-18T16:59:50.899-0300 [DEBUG] [org.gradle.internal.remote.internal.inet.InetAddresses] Is this a loopback interface? false
2021-09-18T16:59:50.900-0300 [DEBUG] [org.gradle.internal.remote.internal.inet.InetAddresses] Adding IP addresses for network interface WAN Miniport (IPv6)
2021-09-18T16:59:50.903-0300 [DEBUG] [org.gradle.internal.remote.internal.inet.InetAddresses] Is this a loopback interface? false
2021-09-18T16:59:50.904-0300 [DEBUG] [org.gradle.internal.remote.internal.inet.InetAddresses] Adding IP addresses for network interface Microsoft IP-HTTPS Platform Adapter
2021-09-18T16:59:50.907-0300 [DEBUG] [org.gradle.internal.remote.internal.inet.InetAddresses] Is this a loopback interface? false
2021-09-18T16:59:50.907-0300 [DEBUG] [org.gradle.internal.remote.internal.inet.InetAddresses] Adding IP addresses for network interface WAN Miniport (Network Monitor)
2021-09-18T16:59:50.910-0300 [DEBUG] [org.gradle.internal.remote.internal.inet.InetAddresses] Is this a loopback interface? false
2021-09-18T16:59:50.911-0300 [DEBUG] [org.gradle.internal.remote.internal.inet.InetAddresses] Adding IP addresses for network interface Qualcomm QCA61x4A 802.11ac Wireless Adapter
2021-09-18T16:59:50.913-0300 [DEBUG] [org.gradle.internal.remote.internal.inet.InetAddresses] Is this a loopback interface? false
2021-09-18T16:59:50.914-0300 [DEBUG] [org.gradle.internal.remote.internal.inet.InetAddresses] Adding remote address /192.168.2.18
2021-09-18T16:59:50.914-0300 [DEBUG] [org.gradle.internal.remote.internal.inet.InetAddresses] Adding remote address /fe80:0:0:0:d879:3887:2075:c081%wlan0
2021-09-18T16:59:50.915-0300 [DEBUG] [org.gradle.internal.remote.internal.inet.InetAddresses] Adding IP addresses for network interface WAN Miniport (IP)
2021-09-18T16:59:50.917-0300 [DEBUG] [org.gradle.internal.remote.internal.inet.InetAddresses] Is this a loopback interface? false
2021-09-18T16:59:50.918-0300 [DEBUG] [org.gradle.internal.remote.internal.inet.InetAddresses] Adding IP addresses for network interface Microsoft Wi-Fi Direct Virtual Adapter #3
2021-09-18T16:59:50.920-0300 [DEBUG] [org.gradle.internal.remote.internal.inet.InetAddresses] Is this a loopback interface? false
2021-09-18T16:59:50.920-0300 [DEBUG] [org.gradle.internal.remote.internal.inet.InetAddresses] Adding remote address /fe80:0:0:0:4576:1930:d9eb:7330%wlan1
2021-09-18T16:59:50.921-0300 [DEBUG] [org.gradle.internal.remote.internal.inet.InetAddresses] Adding IP addresses for network interface Microsoft Kernel Debug Network Adapter
2021-09-18T16:59:50.924-0300 [DEBUG] [org.gradle.internal.remote.internal.inet.InetAddresses] Is this a loopback interface? false
2021-09-18T16:59:50.924-0300 [DEBUG] [org.gradle.internal.remote.internal.inet.InetAddresses] Adding IP addresses for network interface Bluetooth Device (Personal Area Network)
2021-09-18T16:59:50.929-0300 [DEBUG] [org.gradle.internal.remote.internal.inet.InetAddresses] Is this a loopback interface? false
2021-09-18T16:59:50.930-0300 [DEBUG] [org.gradle.internal.remote.internal.inet.InetAddresses] Adding remote address /fe80:0:0:0:6583:460a:e9f7:5889%eth4
2021-09-18T16:59:50.930-0300 [DEBUG] [org.gradle.internal.remote.internal.inet.InetAddresses] Adding IP addresses for network interface Microsoft Teredo Tunneling Adapter
2021-09-18T16:59:50.936-0300 [DEBUG] [org.gradle.internal.remote.internal.inet.InetAddresses] Is this a loopback interface? false
2021-09-18T16:59:50.936-0300 [DEBUG] [org.gradle.internal.remote.internal.inet.InetAddresses] Adding IP addresses for network interface Realtek PCIe GBE Family Controller
2021-09-18T16:59:50.939-0300 [DEBUG] [org.gradle.internal.remote.internal.inet.InetAddresses] Is this a loopback interface? false
2021-09-18T16:59:50.939-0300 [DEBUG] [org.gradle.internal.remote.internal.inet.InetAddresses] Adding remote address /fe80:0:0:0:80c5:39e1:3c05:e8dd%eth5
2021-09-18T16:59:50.939-0300 [DEBUG] [org.gradle.internal.remote.internal.inet.InetAddresses] Adding IP addresses for network interface Microsoft Wi-Fi Direct Virtual Adapter #4
2021-09-18T16:59:50.942-0300 [DEBUG] [org.gradle.internal.remote.internal.inet.InetAddresses] Is this a loopback interface? false
2021-09-18T16:59:50.942-0300 [DEBUG] [org.gradle.internal.remote.internal.inet.InetAddresses] Adding remote address /fe80:0:0:0:494f:71ce:a808:c5d5%wlan2
2021-09-18T16:59:50.942-0300 [DEBUG] [org.gradle.internal.remote.internal.inet.InetAddresses] Adding IP addresses for network interface WAN Miniport (IKEv2)
2021-09-18T16:59:50.945-0300 [DEBUG] [org.gradle.internal.remote.internal.inet.InetAddresses] Is this a loopback interface? false
2021-09-18T16:59:50.945-0300 [DEBUG] [org.gradle.internal.remote.internal.inet.InetAddresses] Adding IP addresses for network interface WAN Miniport (L2TP)
2021-09-18T16:59:50.948-0300 [DEBUG] [org.gradle.internal.remote.internal.inet.InetAddresses] Is this a loopback interface? false
2021-09-18T16:59:50.948-0300 [DEBUG] [org.gradle.internal.remote.internal.inet.InetAddresses] Adding IP addresses for network interface Realtek PCIe GBE Family Controller-WFP Native MAC Layer LightWeight Filter-0000
2021-09-18T16:59:50.952-0300 [DEBUG] [org.gradle.internal.remote.internal.inet.InetAddresses] Is this a loopback interface? false
2021-09-18T16:59:50.952-0300 [DEBUG] [org.gradle.internal.remote.internal.inet.InetAddresses] Adding IP addresses for network interface Realtek PCIe GBE Family Controller-QoS Packet Scheduler-0000
2021-09-18T16:59:50.954-0300 [DEBUG] [org.gradle.internal.remote.internal.inet.InetAddresses] Is this a loopback interface? false
2021-09-18T16:59:50.955-0300 [DEBUG] [org.gradle.internal.remote.internal.inet.InetAddresses] Adding IP addresses for network interface Realtek PCIe GBE Family Controller-WFP 802.3 MAC Layer LightWeight Filter-0000
2021-09-18T16:59:50.958-0300 [DEBUG] [org.gradle.internal.remote.internal.inet.InetAddresses] Is this a loopback interface? false
2021-09-18T16:59:50.958-0300 [DEBUG] [org.gradle.internal.remote.internal.inet.InetAddresses] Adding IP addresses for network interface Qualcomm QCA61x4A 802.11ac Wireless Adapter-WFP Native MAC Layer LightWeight Filter-0000
2021-09-18T16:59:50.961-0300 [DEBUG] [org.gradle.internal.remote.internal.inet.InetAddresses] Is this a loopback interface? false
2021-09-18T16:59:50.962-0300 [DEBUG] [org.gradle.internal.remote.internal.inet.InetAddresses] Adding IP addresses for network interface Qualcomm QCA61x4A 802.11ac Wireless Adapter-Virtual WiFi Filter Driver-0000
2021-09-18T16:59:50.964-0300 [DEBUG] [org.gradle.internal.remote.internal.inet.InetAddresses] Is this a loopback interface? false
2021-09-18T16:59:50.964-0300 [DEBUG] [org.gradle.internal.remote.internal.inet.InetAddresses] Adding IP addresses for network interface Qualcomm QCA61x4A 802.11ac Wireless Adapter-Native WiFi Filter Driver-0000
2021-09-18T16:59:50.967-0300 [DEBUG] [org.gradle.internal.remote.internal.inet.InetAddresses] Is this a loopback interface? false
2021-09-18T16:59:50.967-0300 [DEBUG] [org.gradle.internal.remote.internal.inet.InetAddresses] Adding IP addresses for network interface Qualcomm QCA61x4A 802.11ac Wireless Adapter-QoS Packet Scheduler-0000
2021-09-18T16:59:50.970-0300 [DEBUG] [org.gradle.internal.remote.internal.inet.InetAddresses] Is this a loopback interface? false
2021-09-18T16:59:50.970-0300 [DEBUG] [org.gradle.internal.remote.internal.inet.InetAddresses] Adding IP addresses for network interface Qualcomm QCA61x4A 802.11ac Wireless Adapter-WFP 802.3 MAC Layer LightWeight Filter-0000
2021-09-18T16:59:50.972-0300 [DEBUG] [org.gradle.internal.remote.internal.inet.InetAddresses] Is this a loopback interface? false
2021-09-18T16:59:50.973-0300 [DEBUG] [org.gradle.internal.remote.internal.inet.InetAddresses] Adding IP addresses for network interface Microsoft Wi-Fi Direct Virtual Adapter #3-WFP Native MAC Layer LightWeight Filter-0000
2021-09-18T16:59:50.977-0300 [DEBUG] [org.gradle.internal.remote.internal.inet.InetAddresses] Is this a loopback interface? false
2021-09-18T16:59:50.977-0300 [DEBUG] [org.gradle.internal.remote.internal.inet.InetAddresses] Adding IP addresses for network interface Microsoft Wi-Fi Direct Virtual Adapter #3-Native WiFi Filter Driver-0000
2021-09-18T16:59:50.980-0300 [DEBUG] [org.gradle.internal.remote.internal.inet.InetAddresses] Is this a loopback interface? false
2021-09-18T16:59:50.980-0300 [DEBUG] [org.gradle.internal.remote.internal.inet.InetAddresses] Adding IP addresses for network interface Microsoft Wi-Fi Direct Virtual Adapter #3-QoS Packet Scheduler-0000
2021-09-18T16:59:50.983-0300 [DEBUG] [org.gradle.internal.remote.internal.inet.InetAddresses] Is this a loopback interface? false
2021-09-18T16:59:50.983-0300 [DEBUG] [org.gradle.internal.remote.internal.inet.InetAddresses] Adding IP addresses for network interface Microsoft Wi-Fi Direct Virtual Adapter #3-WFP 802.3 MAC Layer LightWeight Filter-0000
2021-09-18T16:59:50.986-0300 [DEBUG] [org.gradle.internal.remote.internal.inet.InetAddresses] Is this a loopback interface? false
2021-09-18T16:59:50.986-0300 [DEBUG] [org.gradle.internal.remote.internal.inet.InetAddresses] Adding IP addresses for network interface WAN Miniport (IP)-WFP Native MAC Layer LightWeight Filter-0000
2021-09-18T16:59:50.988-0300 [DEBUG] [org.gradle.internal.remote.internal.inet.InetAddresses] Is this a loopback interface? false
2021-09-18T16:59:50.988-0300 [DEBUG] [org.gradle.internal.remote.internal.inet.InetAddresses] Adding IP addresses for network interface WAN Miniport (IP)-QoS Packet Scheduler-0000
2021-09-18T16:59:50.991-0300 [DEBUG] [org.gradle.internal.remote.internal.inet.InetAddresses] Is this a loopback interface? false
2021-09-18T16:59:50.991-0300 [DEBUG] [org.gradle.internal.remote.internal.inet.InetAddresses] Adding IP addresses for network interface WAN Miniport (IPv6)-WFP Native MAC Layer LightWeight Filter-0000
2021-09-18T16:59:50.995-0300 [DEBUG] [org.gradle.internal.remote.internal.inet.InetAddresses] Is this a loopback interface? false
2021-09-18T16:59:50.995-0300 [DEBUG] [org.gradle.internal.remote.internal.inet.InetAddresses] Adding IP addresses for network interface WAN Miniport (IPv6)-QoS Packet Scheduler-0000
2021-09-18T16:59:50.997-0300 [DEBUG] [org.gradle.internal.remote.internal.inet.InetAddresses] Is this a loopback interface? false
2021-09-18T16:59:50.998-0300 [DEBUG] [org.gradle.internal.remote.internal.inet.InetAddresses] Adding IP addresses for network interface WAN Miniport (Network Monitor)-WFP Native MAC Layer LightWeight Filter-0000
2021-09-18T16:59:51.001-0300 [DEBUG] [org.gradle.internal.remote.internal.inet.InetAddresses] Is this a loopback interface? false
2021-09-18T16:59:51.001-0300 [DEBUG] [org.gradle.internal.remote.internal.inet.InetAddresses] Adding IP addresses for network interface WAN Miniport (Network Monitor)-QoS Packet Scheduler-0000
2021-09-18T16:59:51.004-0300 [DEBUG] [org.gradle.internal.remote.internal.inet.InetAddresses] Is this a loopback interface? false
2021-09-18T16:59:51.004-0300 [DEBUG] [org.gradle.internal.remote.internal.inet.InetAddresses] Adding IP addresses for network interface Microsoft Wi-Fi Direct Virtual Adapter #4-WFP Native MAC Layer LightWeight Filter-0000
2021-09-18T16:59:51.007-0300 [DEBUG] [org.gradle.internal.remote.internal.inet.InetAddresses] Is this a loopback interface? false
2021-09-18T16:59:51.007-0300 [DEBUG] [org.gradle.internal.remote.internal.inet.InetAddresses] Adding IP addresses for network interface Microsoft Wi-Fi Direct Virtual Adapter #4-Native WiFi Filter Driver-0000
2021-09-18T16:59:51.010-0300 [DEBUG] [org.gradle.internal.remote.internal.inet.InetAddresses] Is this a loopback interface? false
2021-09-18T16:59:51.010-0300 [DEBUG] [org.gradle.internal.remote.internal.inet.InetAddresses] Adding IP addresses for network interface Microsoft Wi-Fi Direct Virtual Adapter #4-QoS Packet Scheduler-0000
2021-09-18T16:59:51.013-0300 [DEBUG] [org.gradle.internal.remote.internal.inet.InetAddresses] Is this a loopback interface? false
2021-09-18T16:59:51.013-0300 [DEBUG] [org.gradle.internal.remote.internal.inet.InetAddresses] Adding IP addresses for network interface Microsoft Wi-Fi Direct Virtual Adapter #4-WFP 802.3 MAC Layer LightWeight Filter-0000
2021-09-18T16:59:51.015-0300 [DEBUG] [org.gradle.internal.remote.internal.inet.InetAddresses] Is this a loopback interface? false
2021-09-18T16:59:51.018-0300 [DEBUG] [org.gradle.internal.remote.internal.inet.TcpIncomingConnector] Listening on [ac4b95ed-19f1-497c-a1a9-50dabcf742eb port:50670, addresses:[localhost/127.0.0.1]].
2021-09-18T16:59:51.028-0300 [DEBUG] [org.gradle.launcher.daemon.server.Daemon] Daemon starting at: Sat Sep 18 16:59:51 BRT 2021, with address: [ac4b95ed-19f1-497c-a1a9-50dabcf742eb port:50670, addresses:[localhost/127.0.0.1]]
2021-09-18T16:59:51.029-0300 [INFO] [org.gradle.launcher.daemon.server.DaemonRegistryUpdater] Advertising the daemon address to the clients: [ac4b95ed-19f1-497c-a1a9-50dabcf742eb port:50670, addresses:[localhost/127.0.0.1]]
2021-09-18T16:59:51.029-0300 [DEBUG] [org.gradle.launcher.daemon.server.DaemonRegistryUpdater] Advertised daemon context: DefaultDaemonContext[uid=bfbabbc2-3d4f-42af-8000-274dae3e2741,javaHome=C:\Program Files\Java\jdk-11.0.11,daemonRegistryDir=D:\Pos Dev. Mobile\Desenvolvimento de Aplicacoes para Android Avancado\Projetos\Aula6_RetrofitDemo_ALUNOS\daemon,pid=6204,idleTimeout=10800000,priority=NORMAL,daemonOpts=--add-opens,java.base/java.util=ALL-UNNAMED,--add-opens,java.base/java.lang=ALL-UNNAMED,--add-opens,java.base/java.lang.invoke=ALL-UNNAMED,--add-opens,java.prefs/java.util.prefs=ALL-UNNAMED,-Xmx2048m,-Dfile.encoding=UTF-8,-Duser.country=BR,-Duser.language=pt,-Duser.variant]
2021-09-18T16:59:51.030-0300 [DEBUG] [org.gradle.launcher.daemon.registry.PersistentDaemonRegistry] Storing daemon address: [ac4b95ed-19f1-497c-a1a9-50dabcf742eb port:50670, addresses:[localhost/127.0.0.1]], context: DefaultDaemonContext[uid=bfbabbc2-3d4f-42af-8000-274dae3e2741,javaHome=C:\Program Files\Java\jdk-11.0.11,daemonRegistryDir=D:\Pos Dev. Mobile\Desenvolvimento de Aplicacoes para Android Avancado\Projetos\Aula6_RetrofitDemo_ALUNOS\daemon,pid=6204,idleTimeout=10800000,priority=NORMAL,daemonOpts=--add-opens,java.base/java.util=ALL-UNNAMED,--add-opens,java.base/java.lang=ALL-UNNAMED,--add-opens,java.base/java.lang.invoke=ALL-UNNAMED,--add-opens,java.prefs/java.util.prefs=ALL-UNNAMED,-Xmx2048m,-Dfile.encoding=UTF-8,-Duser.country=BR,-Duser.language=pt,-Duser.variant]
2021-09-18T16:59:51.046-0300 [DEBUG] [org.gradle.cache.internal.DefaultFileLockManager] Waiting to acquire exclusive lock on daemon addresses registry.
2021-09-18T16:59:51.050-0300 [DEBUG] [org.gradle.cache.internal.DefaultFileLockManager] Lock acquired on daemon addresses registry.
2021-09-18T16:59:51.057-0300 [DEBUG] [org.gradle.cache.internal.DefaultFileLockManager] Releasing lock on daemon addresses registry.
2021-09-18T16:59:51.058-0300 [LIFECYCLE] [org.gradle.launcher.daemon.server.Daemon] Daemon server started.
2021-09-18T16:59:51.061-0300 [DEBUG] [org.gradle.launcher.daemon.bootstrap.DaemonStartupCommunication] Completed writing the daemon greeting. Closing streams...
2021-09-18T16:59:51.069-0300 [DEBUG] [org.gradle.launcher.daemon.server.Daemon] stopOnExpiration() called on daemon
2021-09-18T16:59:51.071-0300 [DEBUG] [org.gradle.launcher.daemon.server.Daemon] awaitExpiration() called on daemon
2021-09-18T16:59:51.071-0300 [DEBUG] [org.gradle.launcher.daemon.server.DaemonStateCoordinator] daemon is running. Sleeping until state changes.
2021-09-18T16:59:51.074-0300 [DEBUG] [org.gradle.internal.remote.internal.inet.TcpIncomingConnector] Accepted connection from /127.0.0.1:50671 to /127.0.0.1:50670.
2021-09-18T16:59:51.272-0300 [DEBUG] [org.gradle.launcher.daemon.server.SynchronizedDispatchConnection] thread 19: received class org.gradle.launcher.daemon.protocol.Build
2021-09-18T16:59:51.273-0300 [DEBUG] [org.gradle.launcher.daemon.server.DefaultDaemonConnection] thread 19: Received non-IO message from client: Build{id=17575d34-7be1-4a18-a0f3-26ca8b98715e, currentDir=D:\Pos Dev. Mobile\Desenvolvimento de Aplicacoes para Android Avancado\Projetos\Aula6_RetrofitDemo_ALUNOS}
2021-09-18T16:59:51.273-0300 [INFO] [org.gradle.launcher.daemon.server.DefaultIncomingConnectionHandler] Received command: Build{id=17575d34-7be1-4a18-a0f3-26ca8b98715e, currentDir=D:\Pos Dev. Mobile\Desenvolvimento de Aplicacoes para Android Avancado\Projetos\Aula6_RetrofitDemo_ALUNOS}.
2021-09-18T16:59:51.274-0300 [DEBUG] [org.gradle.launcher.daemon.server.DefaultIncomingConnectionHandler] Starting executing command: Build{id=17575d34-7be1-4a18-a0f3-26ca8b98715e, currentDir=D:\Pos Dev. Mobile\Desenvolvimento de Aplicacoes para Android Avancado\Projetos\Aula6_RetrofitDemo_ALUNOS} with connection: socket connection from /127.0.0.1:50670 to /127.0.0.1:50671.
2021-09-18T16:59:51.280-0300 [ERROR] [org.gradle.launcher.daemon.server.DaemonStateCoordinator] Command execution: started DaemonCommandExecution[command = Build{id=17575d34-7be1-4a18-a0f3-26ca8b98715e, currentDir=D:\Pos Dev. Mobile\Desenvolvimento de Aplicacoes para Android Avancado\Projetos\Aula6_RetrofitDemo_ALUNOS}, connection = DefaultDaemonConnection: socket connection from /127.0.0.1:50670 to /127.0.0.1:50671] after 0.0 minutes of idle
2021-09-18T16:59:51.280-0300 [INFO] [org.gradle.launcher.daemon.server.DaemonRegistryUpdater] Marking the daemon as busy, address: [ac4b95ed-19f1-497c-a1a9-50dabcf742eb port:50670, addresses:[localhost/127.0.0.1]]
2021-09-18T16:59:51.281-0300 [DEBUG] [org.gradle.launcher.daemon.registry.PersistentDaemonRegistry] Marking busy by address: [ac4b95ed-19f1-497c-a1a9-50dabcf742eb port:50670, addresses:[localhost/127.0.0.1]]
2021-09-18T16:59:51.288-0300 [DEBUG] [org.gradle.cache.internal.DefaultFileLockManager] Waiting to acquire exclusive lock on daemon addresses registry.
2021-09-18T16:59:51.289-0300 [DEBUG] [org.gradle.cache.internal.DefaultFileLockManager] Lock acquired on daemon addresses registry.
2021-09-18T16:59:51.292-0300 [DEBUG] [org.gradle.cache.internal.DefaultFileLockManager] Releasing lock on daemon addresses registry.
2021-09-18T16:59:51.293-0300 [DEBUG] [org.gradle.launcher.daemon.server.DaemonStateCoordinator] resetting idle timer
2021-09-18T16:59:51.294-0300 [DEBUG] [org.gradle.launcher.daemon.server.DaemonStateCoordinator] daemon is running. Sleeping until state changes.
2021-09-18T16:59:51.296-0300 [INFO] [org.gradle.launcher.daemon.server.exec.StartBuildOrRespondWithBusy] Daemon is about to start building Build{id=17575d34-7be1-4a18-a0f3-26ca8b98715e, currentDir=D:\Pos Dev. Mobile\Desenvolvimento de Aplicacoes para Android Avancado\Projetos\Aula6_RetrofitDemo_ALUNOS}. Dispatching build started information...
2021-09-18T16:59:51.297-0300 [DEBUG] [org.gradle.launcher.daemon.server.SynchronizedDispatchConnection] thread 21: dispatching org.gradle.launcher.daemon.protocol.BuildStarted@6444e381
2021-09-18T16:59:51.301-0300 [DEBUG] [org.gradle.launcher.daemon.server.exec.EstablishBuildEnvironment] Configuring env variables: [USERDOMAIN_ROAMINGPROFILE, LOCALAPPDATA, PROCESSOR_LEVEL, USERDOMAIN, FPS_BROWSER_APP_PROFILE_STRING, LOGONSERVER, JAVA_HOME, SESSIONNAME, ALLUSERSPROFILE, PROCESSOR_ARCHITECTURE, PSModulePath, SystemDrive, OneDrive, APPDATA, USERNAME, ProgramFiles(x86), CommonProgramFiles, Path, FPS_BROWSER_USER_PROFILE_STRING, PATHEXT, DriverData, OS, OneDriveConsumer, COMPUTERNAME, PROCESSOR_REVISION, CommonProgramW6432, ComSpec, ProgramData, ProgramW6432, HOMEPATH, SystemRoot, TEMP, PROCESSOR_IDENTIFIER, USERPROFILE, HOMEDRIVE, TMP, ProgramFiles, PUBLIC, CommonProgramFiles(x86), NUMBER_OF_PROCESSORS, windir, =::, IDEA_INITIAL_DIRECTORY]
2021-09-18T16:59:51.306-0300 [DEBUG] [org.gradle.launcher.daemon.server.SynchronizedDispatchConnection] thread 19: received class org.gradle.launcher.daemon.protocol.CloseInput
2021-09-18T16:59:51.306-0300 [DEBUG] [org.gradle.launcher.daemon.server.DefaultDaemonConnection] thread 19: Received IO message from client: org.gradle.launcher.daemon.protocol.CloseInput@77c2a12
2021-09-18T16:59:51.313-0300 [DEBUG] [org.gradle.launcher.daemon.server.exec.LogToClient] About to start relaying all logs to the client via the connection.
2021-09-18T16:59:51.314-0300 [INFO] [org.gradle.launcher.daemon.server.exec.LogToClient] The client will now receive all logging from the daemon (pid: 6204). The daemon log file: D:\Pos Dev. Mobile\Desenvolvimento de Aplicacoes para Android Avancado\Projetos\Aula6_RetrofitDemo_ALUNOS\daemon\6.7.1\daemon-6204.out.log
2021-09-18T16:59:51.320-0300 [INFO] [org.gradle.launcher.daemon.server.exec.LogAndCheckHealth] Starting build in new daemon [memory: 2,1 GB]
2021-09-18T16:59:51.322-0300 [INFO] [org.gradle.launcher.daemon.server.exec.ForwardClientInput] Closing daemon's stdin at end of input.
2021-09-18T16:59:51.324-0300 [INFO] [org.gradle.launcher.daemon.server.exec.ForwardClientInput] The daemon will no longer process any standard input.
2021-09-18T16:59:51.334-0300 [DEBUG] [org.gradle.launcher.daemon.server.exec.ExecuteBuild] The daemon has started executing the build.
2021-09-18T16:59:51.339-0300 [DEBUG] [org.gradle.launcher.daemon.server.exec.ExecuteBuild] Executing build with daemon context: DefaultDaemonContext[uid=bfbabbc2-3d4f-42af-8000-274dae3e2741,javaHome=C:\Program Files\Java\jdk-11.0.11,daemonRegistryDir=D:\Pos Dev. Mobile\Desenvolvimento de Aplicacoes para Android Avancado\Projetos\Aula6_RetrofitDemo_ALUNOS\daemon,pid=6204,idleTimeout=10800000,priority=NORMAL,daemonOpts=--add-opens,java.base/java.util=ALL-UNNAMED,--add-opens,java.base/java.lang=ALL-UNNAMED,--add-opens,java.base/java.lang.invoke=ALL-UNNAMED,--add-opens,java.prefs/java.util.prefs=ALL-UNNAMED,-Xmx2048m,-Dfile.encoding=UTF-8,-Duser.country=BR,-Duser.language=pt,-Duser.variant]
Warning: The 'kotlin-android-extensions' Gradle plugin is deprecated. Please use this migration guide (https://goo.gle/kotlin-android-extensions-deprecation) to start working with View Binding (https://developer.android.com/topic/libraries/view-binding) and the 'kotlin-parcelize' plugin.

BUILD SUCCESSFUL in 44s
2021-09-18T17:00:25.814-0300 [DEBUG] [org.gradle.launcher.daemon.server.exec.ExecuteBuild] The daemon has finished executing the build.
2021-09-18T17:00:25.829-0300 [DEBUG] [org.gradle.launcher.daemon.server.DaemonStateCoordinator] daemon is running. Sleeping until state changes.
2021-09-18T17:00:25.830-0300 [DEBUG] [org.gradle.launcher.daemon.server.DaemonStateCoordinator] Command execution: finished waiting for DaemonCommandExecution[command = Build{id=17575d34-7be1-4a18-a0f3-26ca8b98715e, currentDir=D:\Pos Dev. Mobile\Desenvolvimento de Aplicacoes para Android Avancado\Projetos\Aula6_RetrofitDemo_ALUNOS}, connection = DefaultDaemonConnection: socket connection from /127.0.0.1:50670 to /127.0.0.1:50671]. Result org.gradle.launcher.daemon.server.DaemonStateCoordinator@3dd762d4 with state Busy
2021-09-18T17:00:25.830-0300 [DEBUG] [org.gradle.launcher.daemon.server.DaemonStateCoordinator] Command execution: completed DaemonCommandExecution[command = Build{id=17575d34-7be1-4a18-a0f3-26ca8b98715e, currentDir=D:\Pos Dev. Mobile\Desenvolvimento de Aplicacoes para Android Avancado\Projetos\Aula6_RetrofitDemo_ALUNOS}, connection = DefaultDaemonConnection: socket connection from /127.0.0.1:50670 to /127.0.0.1:50671]
2021-09-18T17:00:25.831-0300 [DEBUG] [org.gradle.launcher.daemon.server.DaemonStateCoordinator] resetting idle timer
2021-09-18T17:00:25.831-0300 [INFO] [org.gradle.launcher.daemon.server.DaemonRegistryUpdater] Marking the daemon as idle, address: [ac4b95ed-19f1-497c-a1a9-50dabcf742eb port:50670, addresses:[localhost/127.0.0.1]]
2021-09-18T17:00:25.831-0300 [DEBUG] [org.gradle.launcher.daemon.registry.PersistentDaemonRegistry] Marking busy by address: [ac4b95ed-19f1-497c-a1a9-50dabcf742eb port:50670, addresses:[localhost/127.0.0.1]]
2021-09-18T17:00:25.832-0300 [DEBUG] [org.gradle.cache.internal.DefaultFileLockManager] Waiting to acquire exclusive lock on daemon addresses registry.
2021-09-18T17:00:25.847-0300 [DEBUG] [org.gradle.cache.internal.DefaultFileLockManager] Lock acquired on daemon addresses registry.
2021-09-18T17:00:25.876-0300 [DEBUG] [org.gradle.cache.internal.DefaultFileLockManager] Releasing lock on daemon addresses registry.
2021-09-18T17:00:25.884-0300 [DEBUG] [org.gradle.launcher.daemon.server.DaemonStateCoordinator] daemon is running. Sleeping until state changes.
2021-09-18T17:00:25.885-0300 [DEBUG] [org.gradle.launcher.daemon.server.exec.ReturnResult] Daemon is dispatching the build result: Success[value=org.gradle.launcher.exec.BuildActionResult@2d0d1cd7]
2021-09-18T17:00:25.885-0300 [DEBUG] [org.gradle.launcher.daemon.server.SynchronizedDispatchConnection] thread 18: dispatching Success[value=org.gradle.launcher.exec.BuildActionResult@2d0d1cd7]
2021-09-18T17:00:25.887-0300 [DEBUG] [org.gradle.launcher.daemon.server.DefaultIncomingConnectionHandler] Finishing executing command: Build{id=17575d34-7be1-4a18-a0f3-26ca8b98715e, currentDir=D:\Pos Dev. Mobile\Desenvolvimento de Aplicacoes para Android Avancado\Projetos\Aula6_RetrofitDemo_ALUNOS}
2021-09-18T17:00:25.887-0300 [DEBUG] [org.gradle.launcher.daemon.server.SynchronizedDispatchConnection] thread 19: received class org.gradle.launcher.daemon.protocol.Finished
2021-09-18T17:00:25.887-0300 [DEBUG] [org.gradle.launcher.daemon.server.DefaultDaemonConnection] thread 19: Received non-IO message from client: org.gradle.launcher.daemon.protocol.Finished@6889a8c9
2021-09-18T17:00:25.888-0300 [DEBUG] [org.gradle.internal.remote.internal.inet.SocketConnection] Discarding EOFException: java.io.EOFException
2021-09-18T17:00:25.889-0300 [DEBUG] [org.gradle.launcher.daemon.server.SynchronizedDispatchConnection] thread 19: received null
2021-09-18T17:00:25.889-0300 [DEBUG] [org.gradle.launcher.daemon.server.DefaultDaemonConnection] thread 19: Received end-of-input from client.
2021-09-18T17:00:25.889-0300 [DEBUG] [org.gradle.launcher.daemon.server.DefaultIncomingConnectionHandler] Received finished message: null
2021-09-18T17:00:25.889-0300 [DEBUG] [org.gradle.launcher.daemon.server.SynchronizedDispatchConnection] thread 18: stopping connection
2021-09-18T17:00:25.895-0300 [DEBUG] [org.gradle.launcher.daemon.server.SynchronizedDispatchConnection] thread 18: stopping connection
2021-09-18T17:00:27.852-0300 [DEBUG] [org.gradle.internal.remote.internal.inet.TcpIncomingConnector] Accepted connection from /127.0.0.1:50677 to /127.0.0.1:50670.
2021-09-18T17:00:27.964-0300 [DEBUG] [org.gradle.launcher.daemon.server.SynchronizedDispatchConnection] thread 168: received class org.gradle.launcher.daemon.protocol.StopWhenIdle
2021-09-18T17:00:27.964-0300 [DEBUG] [org.gradle.launcher.daemon.server.DefaultDaemonConnection] thread 168: Received non-IO message from client: StopWhenIdle[id=608a2e89-08b2-4e35-a4c4-5b0b5f39d0f3]
2021-09-18T17:00:27.965-0300 [INFO] [org.gradle.launcher.daemon.server.DefaultIncomingConnectionHandler] Received command: StopWhenIdle[id=608a2e89-08b2-4e35-a4c4-5b0b5f39d0f3].
2021-09-18T17:00:27.965-0300 [DEBUG] [org.gradle.launcher.daemon.server.DefaultIncomingConnectionHandler] Starting executing command: StopWhenIdle[id=608a2e89-08b2-4e35-a4c4-5b0b5f39d0f3] with connection: socket connection from /127.0.0.1:50670 to /127.0.0.1:50677.
2021-09-18T17:00:27.965-0300 [DEBUG] [org.gradle.launcher.daemon.server.DaemonRegistryUpdater] Storing daemon stop event: stop command received
2021-09-18T17:00:27.966-0300 [DEBUG] [org.gradle.launcher.daemon.registry.PersistentDaemonRegistry] Storing daemon stop event with timestamp 1631995227962
2021-09-18T17:00:27.974-0300 [DEBUG] [org.gradle.cache.internal.DefaultFileLockManager] Waiting to acquire exclusive lock on daemon addresses registry.
2021-09-18T17:00:28.001-0300 [DEBUG] [org.gradle.cache.internal.DefaultFileLockManager] Lock acquired on daemon addresses registry.
2021-09-18T17:00:28.052-0300 [DEBUG] [org.gradle.cache.internal.DefaultFileLockManager] Releasing lock on daemon addresses registry.
2021-09-18T17:00:28.054-0300 [LIFECYCLE] [org.gradle.launcher.daemon.server.DaemonStateCoordinator] Daemon will be stopped at the end of the build stop command received
2021-09-18T17:00:28.054-0300 [DEBUG] [org.gradle.launcher.daemon.server.DaemonStateCoordinator] Marking daemon stopped due to stop command received. The daemon is running a build: false
2021-09-18T17:00:28.054-0300 [DEBUG] [org.gradle.launcher.daemon.server.DaemonStateCoordinator] daemon has stopped.
2021-09-18T17:00:28.055-0300 [DEBUG] [org.gradle.launcher.daemon.server.Daemon] stop() called on daemon
2021-09-18T17:00:28.055-0300 [INFO] [org.gradle.launcher.daemon.server.Daemon] Stop requested. Daemon is removing its presence from the registry...
2021-09-18T17:00:28.055-0300 [DEBUG] [org.gradle.launcher.daemon.server.DaemonRegistryUpdater] Removing our presence to clients, eg. removing this address from the registry: [ac4b95ed-19f1-497c-a1a9-50dabcf742eb port:50670, addresses:[localhost/127.0.0.1]]
2021-09-18T17:00:28.055-0300 [DEBUG] [org.gradle.launcher.daemon.server.SynchronizedDispatchConnection] thread 18: dispatching Success[value=null]
2021-09-18T17:00:28.056-0300 [DEBUG] [org.gradle.launcher.daemon.registry.PersistentDaemonRegistry] Removing daemon address: [ac4b95ed-19f1-497c-a1a9-50dabcf742eb port:50670, addresses:[localhost/127.0.0.1]]
2021-09-18T17:00:28.056-0300 [DEBUG] [org.gradle.launcher.daemon.server.SynchronizedDispatchConnection] thread 168: received class org.gradle.launcher.daemon.protocol.Finished
2021-09-18T17:00:28.056-0300 [DEBUG] [org.gradle.launcher.daemon.server.DefaultDaemonConnection] thread 168: Received non-IO message from client: org.gradle.launcher.daemon.protocol.Finished@784c9929
2021-09-18T17:00:28.057-0300 [DEBUG] [org.gradle.internal.remote.internal.inet.SocketConnection] Discarding EOFException: java.io.EOFException
2021-09-18T17:00:28.057-0300 [DEBUG] [org.gradle.launcher.daemon.server.SynchronizedDispatchConnection] thread 168: received null
2021-09-18T17:00:28.057-0300 [DEBUG] [org.gradle.launcher.daemon.server.DefaultDaemonConnection] thread 168: Received end-of-input from client.
2021-09-18T17:00:28.056-0300 [DEBUG] [org.gradle.launcher.daemon.server.DefaultIncomingConnectionHandler] Finishing executing command: StopWhenIdle[id=608a2e89-08b2-4e35-a4c4-5b0b5f39d0f3]
2021-09-18T17:00:28.058-0300 [DEBUG] [org.gradle.launcher.daemon.server.DefaultIncomingConnectionHandler] Received finished message: null
2021-09-18T17:00:28.058-0300 [DEBUG] [org.gradle.launcher.daemon.server.SynchronizedDispatchConnection] thread 18: stopping connection
2021-09-18T17:00:28.060-0300 [DEBUG] [org.gradle.launcher.daemon.server.SynchronizedDispatchConnection] thread 18: stopping connection
2021-09-18T17:00:28.067-0300 [DEBUG] [org.gradle.cache.internal.DefaultFileLockManager] Waiting to acquire exclusive lock on daemon addresses registry.
2021-09-18T17:00:28.067-0300 [DEBUG] [org.gradle.cache.internal.DefaultFileLockManager] Lock acquired on daemon addresses registry.
2021-09-18T17:00:28.118-0300 [DEBUG] [org.gradle.cache.internal.DefaultFileLockManager] Releasing lock on daemon addresses registry.
2021-09-18T17:00:28.136-0300 [DEBUG] [org.gradle.launcher.daemon.server.DaemonRegistryUpdater] Address removed from registry.
2021-09-18T17:00:28.189-0300 [DEBUG] [org.gradle.cache.internal.LockOnDemandCrossProcessCacheAccess] Releasing file lock for jars (D:\Pos Dev. Mobile\Desenvolvimento de Aplicacoes para Android Avancado\Projetos\Aula6_RetrofitDemo_ALUNOS\caches\jars-8)
2021-09-18T17:00:28.189-0300 [DEBUG] [org.gradle.cache.internal.DefaultFileLockManager] Releasing lock on jars (D:\Pos Dev. Mobile\Desenvolvimento de Aplicacoes para Android Avancado\Projetos\Aula6_RetrofitDemo_ALUNOS\caches\jars-8).
2021-09-18T17:00:28.190-0300 [DEBUG] [org.gradle.cache.internal.DefaultPersistentDirectoryStore] jars (D:\Pos Dev. Mobile\Desenvolvimento de Aplicacoes para Android Avancado\Projetos\Aula6_RetrofitDemo_ALUNOS\caches\jars-8) has last been fully cleaned up 0 hours ago
2021-09-18T17:00:28.191-0300 [DEBUG] [org.gradle.cache.internal.LockOnDemandCrossProcessCacheAccess] Releasing file lock for file content cache (D:\Pos Dev. Mobile\Desenvolvimento de Aplicacoes para Android Avancado\Projetos\Aula6_RetrofitDemo_ALUNOS\caches\6.7.1\fileContent)
2021-09-18T17:00:28.191-0300 [DEBUG] [org.gradle.cache.internal.DefaultFileLockManager] Releasing lock on file content cache (D:\Pos Dev. Mobile\Desenvolvimento de Aplicacoes para Android Avancado\Projetos\Aula6_RetrofitDemo_ALUNOS\caches\6.7.1\fileContent).
2021-09-18T17:00:28.192-0300 [DEBUG] [org.gradle.cache.internal.LockOnDemandCrossProcessCacheAccess] Releasing file lock for Artifact transforms cache (D:\Pos Dev. Mobile\Desenvolvimento de Aplicacoes para Android Avancado\Projetos\Aula6_RetrofitDemo_ALUNOS\caches\transforms-2)
2021-09-18T17:00:28.193-0300 [DEBUG] [org.gradle.cache.internal.DefaultFileLockManager] Releasing lock on Artifact transforms cache (D:\Pos Dev. Mobile\Desenvolvimento de Aplicacoes para Android Avancado\Projetos\Aula6_RetrofitDemo_ALUNOS\caches\transforms-2).
2021-09-18T17:00:28.194-0300 [DEBUG] [org.gradle.cache.internal.DefaultPersistentDirectoryStore] Artifact transforms cache (D:\Pos Dev. Mobile\Desenvolvimento de Aplicacoes para Android Avancado\Projetos\Aula6_RetrofitDemo_ALUNOS\caches\transforms-2) has last been fully cleaned up 0 hours ago
2021-09-18T17:00:28.194-0300 [DEBUG] [org.gradle.cache.internal.LockOnDemandCrossProcessCacheAccess] Releasing file lock for artifact cache (D:\Pos Dev. Mobile\Desenvolvimento de Aplicacoes para Android Avancado\Projetos\Aula6_RetrofitDemo_ALUNOS\caches\modules-2)
2021-09-18T17:00:28.194-0300 [DEBUG] [org.gradle.cache.internal.btree.BTreePersistentIndexedCache] Closing cache module-artifacts.bin (D:\Pos Dev. Mobile\Desenvolvimento de Aplicacoes para Android Avancado\Projetos\Aula6_RetrofitDemo_ALUNOS\caches\modules-2\metadata-2.96\module-artifacts.bin)
2021-09-18T17:00:28.195-0300 [DEBUG] [org.gradle.cache.internal.btree.BTreePersistentIndexedCache] Closing cache module-metadata.bin (D:\Pos Dev. Mobile\Desenvolvimento de Aplicacoes para Android Avancado\Projetos\Aula6_RetrofitDemo_ALUNOS\caches\modules-2\metadata-2.96\module-metadata.bin)
2021-09-18T17:00:28.195-0300 [DEBUG] [org.gradle.cache.internal.btree.BTreePersistentIndexedCache] Closing cache module-artifact.bin (D:\Pos Dev. Mobile\Desenvolvimento de Aplicacoes para Android Avancado\Projetos\Aula6_RetrofitDemo_ALUNOS\caches\modules-2\metadata-2.96\module-artifact.bin)
2021-09-18T17:00:28.195-0300 [DEBUG] [org.gradle.cache.internal.btree.BTreePersistentIndexedCache] Closing cache module-versions.bin (D:\Pos Dev. Mobile\Desenvolvimento de Aplicacoes para Android Avancado\Projetos\Aula6_RetrofitDemo_ALUNOS\caches\modules-2\metadata-2.96\module-versions.bin)
2021-09-18T17:00:28.195-0300 [DEBUG] [org.gradle.cache.internal.DefaultFileLockManager] Releasing lock on artifact cache (D:\Pos Dev. Mobile\Desenvolvimento de Aplicacoes para Android Avancado\Projetos\Aula6_RetrofitDemo_ALUNOS\caches\modules-2).
2021-09-18T17:00:28.196-0300 [DEBUG] [org.gradle.cache.internal.DefaultPersistentDirectoryStore] artifact cache (D:\Pos Dev. Mobile\Desenvolvimento de Aplicacoes para Android Avancado\Projetos\Aula6_RetrofitDemo_ALUNOS\caches\modules-2) has last been fully cleaned up 0 hours ago
2021-09-18T17:00:28.197-0300 [DEBUG] [org.gradle.cache.internal.LockOnDemandCrossProcessCacheAccess] Releasing file lock for journal cache (D:\Pos Dev. Mobile\Desenvolvimento de Aplicacoes para Android Avancado\Projetos\Aula6_RetrofitDemo_ALUNOS\caches\journal-1)
2021-09-18T17:00:28.197-0300 [DEBUG] [org.gradle.cache.internal.btree.BTreePersistentIndexedCache] Closing cache file-access.bin (D:\Pos Dev. Mobile\Desenvolvimento de Aplicacoes para Android Avancado\Projetos\Aula6_RetrofitDemo_ALUNOS\caches\journal-1\file-access.bin)
2021-09-18T17:00:28.200-0300 [DEBUG] [org.gradle.cache.internal.DefaultFileLockManager] Releasing lock on journal cache (D:\Pos Dev. Mobile\Desenvolvimento de Aplicacoes para Android Avancado\Projetos\Aula6_RetrofitDemo_ALUNOS\caches\journal-1).
2021-09-18T17:00:28.201-0300 [DEBUG] [org.gradle.cache.internal.DefaultCacheAccess] Cache Generated Gradle JARs cache (D:\Pos Dev. Mobile\Desenvolvimento de Aplicacoes para Android Avancado\Projetos\Aula6_RetrofitDemo_ALUNOS\caches\6.7.1\generated-gradle-jars) was closed 0 times.
2021-09-18T17:00:28.202-0300 [DEBUG] [org.gradle.cache.internal.LockOnDemandCrossProcessCacheAccess] Releasing file lock for file hash cache (D:\Pos Dev. Mobile\Desenvolvimento de Aplicacoes para Android Avancado\Projetos\Aula6_RetrofitDemo_ALUNOS\caches\6.7.1\fileHashes)
2021-09-18T17:00:28.202-0300 [DEBUG] [org.gradle.cache.internal.btree.BTreePersistentIndexedCache] Closing cache fileHashes.bin (D:\Pos Dev. Mobile\Desenvolvimento de Aplicacoes para Android Avancado\Projetos\Aula6_RetrofitDemo_ALUNOS\caches\6.7.1\fileHashes\fileHashes.bin)
2021-09-18T17:00:28.203-0300 [DEBUG] [org.gradle.cache.internal.btree.BTreePersistentIndexedCache] Closing cache resourceHashesCache.bin (D:\Pos Dev. Mobile\Desenvolvimento de Aplicacoes para Android Avancado\Projetos\Aula6_RetrofitDemo_ALUNOS\caches\6.7.1\fileHashes\resourceHashesCache.bin)
2021-09-18T17:00:28.203-0300 [DEBUG] [org.gradle.cache.internal.DefaultFileLockManager] Releasing lock on file hash cache (D:\Pos Dev. Mobile\Desenvolvimento de Aplicacoes para Android Avancado\Projetos\Aula6_RetrofitDemo_ALUNOS\caches\6.7.1\fileHashes).
2021-09-18T17:00:28.204-0300 [DEBUG] [org.gradle.cache.internal.LockOnDemandCrossProcessCacheAccess] Releasing file lock for execution history cache (D:\Pos Dev. Mobile\Desenvolvimento de Aplicacoes para Android Avancado\Projetos\Aula6_RetrofitDemo_ALUNOS\caches\6.7.1\executionHistory)
2021-09-18T17:00:28.205-0300 [DEBUG] [org.gradle.cache.internal.btree.BTreePersistentIndexedCache] Closing cache executionHistory.bin (D:\Pos Dev. Mobile\Desenvolvimento de Aplicacoes para Android Avancado\Projetos\Aula6_RetrofitDemo_ALUNOS\caches\6.7.1\executionHistory\executionHistory.bin)
2021-09-18T17:00:28.205-0300 [DEBUG] [org.gradle.cache.internal.DefaultFileLockManager] Releasing lock on execution history cache (D:\Pos Dev. Mobile\Desenvolvimento de Aplicacoes para Android Avancado\Projetos\Aula6_RetrofitDemo_ALUNOS\caches\6.7.1\executionHistory).
Daemon vm is shutting down... The daemon has exited normally or was terminated in response to a user interrupt.
2021-09-18T17:00:28.223-0300 [DEBUG] [org.gradle.launcher.daemon.registry.PersistentDaemonRegistry] Removing daemon address: [ac4b95ed-19f1-497c-a1a9-50dabcf742eb port:50670, addresses:[localhost/127.0.0.1]]
2021-09-18T17:00:28.243-0300 [DEBUG] [org.gradle.cache.internal.DefaultFileLockManager] Waiting to acquire exclusive lock on daemon addresses registry.
2021-09-18T17:00:28.244-0300 [DEBUG] [org.gradle.cache.internal.DefaultFileLockManager] Lock acquired on daemon addresses registry.
2021-09-18T17:00:28.248-0300 [DEBUG] [org.gradle.cache.internal.DefaultFileLockManager] Releasing lock on daemon addresses registry.
